
===========================================================================
report_checks -path_delay min (Hold)
============================================================================
======================= Typical Corner ===================================

Startpoint: in (input port clocked by clk)
Endpoint: out (output port clocked by clk)
Path Group: clk
Path Type: min

Fanout     Cap    Slew   Delay    Time   Description
-----------------------------------------------------------------------------
                  0.00    0.00    0.00   clock clk (rise edge)
                          0.00    0.00   clock network delay (ideal)
                          2.00    2.00 ^ input external delay
                  0.03    0.01    2.01 ^ in (in)
     1    0.00                           in (net)
                  0.03    0.00    2.01 ^ input1/A (sky130_fd_sc_hd__clkbuf_2)
                  0.11    0.14    2.15 ^ input1/X (sky130_fd_sc_hd__clkbuf_2)
     1    0.02                           net1 (net)
                  0.11    0.00    2.16 ^ _0_/A (sky130_fd_sc_hd__inv_2)
                  0.05    0.07    2.23 v _0_/Y (sky130_fd_sc_hd__inv_2)
     1    0.02                           net2 (net)
                  0.05    0.00    2.23 v output2/A (sky130_fd_sc_hd__clkbuf_4)
                  0.09    0.18    2.41 v output2/X (sky130_fd_sc_hd__clkbuf_4)
     1    0.04                           out (net)
                  0.09    0.00    2.41 v out (out)
                                  2.41   data arrival time

                  0.00    0.00    0.00   clock clk (rise edge)
                          0.00    0.00   clock network delay (ideal)
                          0.25    0.25   clock uncertainty
                          0.00    0.25   clock reconvergence pessimism
                         -2.00   -1.75   output external delay
                                 -1.75   data required time
-----------------------------------------------------------------------------
                                 -1.75   data required time
                                 -2.41   data arrival time
-----------------------------------------------------------------------------
                                  4.16   slack (MET)



