OpenROAD 41a51eaf4ca2171c92ff38afb91eb37bbd3f36da 
This program is licensed under the BSD-3 license. See the LICENSE file for details.
Components of this program may be licensed under more restrictive licenses which must be honored.
[INFO]: Reading ODB at '/openlane/designs/inverter/runs/myrun/results/floorplan/inverter.odb'…
define_corners Typical
read_liberty -corner Typical /home/jagadeesh97/.ciel/sky130A/libs.ref/sky130_fd_sc_hd/lib/sky130_fd_sc_hd__tt_025C_1v80.lib
Using 1e-12 for capacitance...
Using 1e+03 for resistance...
Using 1e-09 for time...
Using 1e+00 for voltage...
Using 1e-03 for current...
Using 1e-09 for power...
Using 1e-06 for distance...
Reading design constraints file at '/openlane/designs/inverter/runs/myrun/tmp/floorplan/3-initial_fp.sdc'…
[INFO]: Setting RC values...
[INFO]: Setting signal min routing layer to: met1 and clock min routing layer to met3. 
[INFO]: Setting signal max routing layer to: met5 and clock max routing layer to met5. 
[INFO GPL-0002] DBU: 1000
[INFO GPL-0003] SiteSize: 460 2720
[INFO GPL-0004] CoreAreaLxLy: 5520 10880
[INFO GPL-0005] CoreAreaUxUy: 194120 187680
[INFO GPL-0006] NumInstances: 600
[INFO GPL-0007] NumPlaceInstances: 1
[INFO GPL-0008] NumFixedInstances: 599
[INFO GPL-0009] NumDummyInstances: 0
[INFO GPL-0010] NumNets: 2
[INFO GPL-0011] NumPins: 4
[INFO GPL-0012] DieAreaLxLy: 0 0
[INFO GPL-0013] DieAreaUxUy: 200000 200000
[INFO GPL-0014] CoreAreaLxLy: 5520 10880
[INFO GPL-0015] CoreAreaUxUy: 194120 187680
[INFO GPL-0016] CoreArea: 33344480000
[INFO GPL-0017] NonPlaceInstsArea: 1074780800
[INFO GPL-0018] PlaceInstsArea: 3753600
[INFO GPL-0019] Util(%): 0.01
[INFO GPL-0020] StdInstsArea: 3753600
[INFO GPL-0021] MacroInstsArea: 0
[InitialPlace]  Iter: 1 CG residual: 0.00000000 HPWL: 402170
[InitialPlace]  Iter: 2 CG residual: 0.00000000 HPWL: 400800
[InitialPlace]  Iter: 3 CG residual: 0.00000000 HPWL: 400800
[InitialPlace]  Iter: 4 CG residual: 0.00000000 HPWL: 400800
[InitialPlace]  Iter: 5 CG residual: 0.00000000 HPWL: 400800
[INFO GPL-0031] FillerInit: NumGCells: 5158
[INFO GPL-0032] FillerInit: NumGNets: 2
[INFO GPL-0033] FillerInit: NumGPins: 4
[INFO GPL-0023] TargetDensity: 0.60
[INFO GPL-0024] AveragePlaceInstArea: 3753600
[INFO GPL-0025] IdealBinArea: 6256000
[INFO GPL-0026] IdealBinCnt: 5330
[INFO GPL-0027] TotalBinArea: 33344480000
[INFO GPL-0028] BinCnt: 64 64
[INFO GPL-0029] BinSize: 2947 2763
[INFO GPL-0030] NumBins: 4096
[NesterovSolve] Iter: 1 overflow: 0 HPWL: 393000
[INFO GPL-0100] worst slack 5.52e-09
[INFO GPL-0103] Weighted 0 nets.
[NesterovSolve] Snapshot saved at iter = 0
[INFO GPL-0075] Routability numCall: 1 inflationIterCnt: 1 bloatIterCnt: 0
[INFO GPL-0036] TileLxLy: 0 0
[INFO GPL-0037] TileSize: 6900 6900
[INFO GPL-0038] TileCnt: 28 28
[INFO GPL-0039] numRoutingLayers: 6
[INFO GPL-0040] NumTiles: 784
[INFO GPL-0063] TotalRouteOverflowH2: 0.0
[INFO GPL-0064] TotalRouteOverflowV2: 0.0
[INFO GPL-0065] OverflowTileCnt2: 0
[INFO GPL-0066] 0.5%RC: 0.6000000238418579
[INFO GPL-0067] 1.0%RC: 0.5818182013251565
[INFO GPL-0068] 2.0%RC: 0.5662790855696035
[INFO GPL-0069] 5.0%RC: 0.556542069555443
[INFO GPL-0070] 0.5rcK: 1.0
[INFO GPL-0071] 1.0rcK: 1.0
[INFO GPL-0072] 2.0rcK: 0.0
[INFO GPL-0073] 5.0rcK: 0.0
[INFO GPL-0074] FinalRC: 0.5909091
[NesterovSolve] Finished with Overflow: 0.000000
Setting global connections for newly added cells…
Writing OpenROAD database to '/openlane/designs/inverter/runs/myrun/tmp/placement/7-global.odb'…
Writing netlist to '/openlane/designs/inverter/runs/myrun/tmp/placement/7-global.nl.v'…
Writing powered netlist to '/openlane/designs/inverter/runs/myrun/tmp/placement/7-global.pnl.v'…
Writing layout to '/openlane/designs/inverter/runs/myrun/tmp/placement/7-global.def'…
