Instance name,  X location,  Y location,  Voltage 
FILLER_0_0_21, 13.82, 10.88, 2.50527e-06
PHY_22, 5.52, 43.52, 6.57532e-07
PHY_24, 5.52, 43.52, 6.57532e-07
PHY_23, 28.98, 43.52, 1.49907e-06
PHY_25, 28.98, 43.52, 1.49907e-06
input1, 28.98, 43.52, 1.49907e-06
FILLER_0_12_41, 21.4, 43.52, 1.0783e-06
PHY_18, 5.52, 38.08, 6.82039e-08
PHY_20, 5.52, 38.08, 6.82039e-08
PHY_19, 28.98, 38.08, 6.82282e-08
PHY_21, 28.98, 38.08, 6.82282e-08
FILLER_0_10_41, 21.4, 38.08, 6.82155e-08
FILLER_0_11_39, 21.4, 38.08, 6.82155e-08
PHY_14, 5.52, 32.64, 3.41358e-08
PHY_16, 5.52, 32.64, 3.41358e-08
PHY_15, 28.98, 32.64, 3.41602e-08
PHY_17, 28.98, 32.64, 3.41602e-08
FILLER_0_8_41, 21.4, 32.64, 3.41474e-08
FILLER_0_9_39, 21.4, 32.64, 3.41474e-08
PHY_10, 5.52, 27.2, 6.46483e-11
PHY_12, 5.52, 27.2, 6.46483e-11
PHY_11, 28.98, 27.2, 8.90162e-11
PHY_13, 28.98, 27.2, 8.90162e-11
FILLER_0_6_41, 21.4, 27.2, 7.62248e-11
FILLER_0_7_39, 21.4, 27.2, 7.62248e-11
PHY_6, 5.52, 21.76, 1.44268e-07
PHY_8, 5.52, 21.76, 1.44268e-07
PHY_7, 28.98, 21.76, 1.44292e-07
PHY_9, 28.98, 21.76, 1.44292e-07
FILLER_0_4_41, 21.4, 21.76, 1.44279e-07
FILLER_0_5_39, 21.4, 21.76, 1.44279e-07
PHY_2, 5.52, 16.32, 5.5037e-07
PHY_4, 5.52, 16.32, 5.5037e-07
PHY_3, 28.98, 16.32, 7.4886e-07
PHY_5, 28.98, 16.32, 7.4886e-07
FILLER_0_1_45, 28.98, 16.32, 7.4886e-07
_0_, 21.4, 16.32, 7.48841e-07
FILLER_0_1_27, 21.4, 16.32, 7.48841e-07
FILLER_0_2_41, 21.4, 16.32, 7.48841e-07
FILLER_0_3_39, 21.4, 16.32, 7.48841e-07
PHY_0, 5.52, 10.88, 4.23834e-06
output2, 5.52, 10.88, 4.23834e-06
PHY_1, 28.98, 10.88, 2.5053e-06
FILLER_0_0_41, 21.4, 10.88, 2.50529e-06
FILLER_0_1_37, 21.4, 10.88, 2.50529e-06

