Instance name,  X location,  Y location,  Voltage 
FILLER_0_64_53, 25.14, 184.96, 2.26624e-06
FILLER_0_63_51, 25.14, 179.52, 2.16547e-06
FILLER_0_61_51, 25.14, 174.08, 2.13604e-06
FILLER_0_59_51, 25.14, 168.64, 2.10538e-06
FILLER_0_57_51, 25.14, 163.2, 2.07354e-06
FILLER_0_55_51, 25.14, 157.76, 2.04059e-06
FILLER_0_53_51, 25.14, 152.32, 2.00658e-06
FILLER_0_51_51, 25.14, 146.88, 1.97156e-06
FILLER_0_49_51, 25.14, 141.44, 1.93556e-06
FILLER_0_47_51, 25.14, 136, 1.89861e-06
FILLER_0_45_51, 25.14, 130.56, 1.86075e-06
FILLER_0_43_51, 25.14, 125.12, 1.82198e-06
FILLER_0_41_51, 25.14, 119.68, 1.78231e-06
FILLER_0_39_51, 25.14, 114.24, 1.74176e-06
FILLER_0_37_51, 25.14, 108.8, 1.70033e-06
FILLER_0_35_51, 25.14, 103.36, 1.65799e-06
FILLER_0_33_51, 25.14, 97.92, 2.18365e-06
FILLER_0_31_51, 25.14, 92.48, 1.53568e-06
FILLER_0_29_51, 25.14, 87.04, 1.45566e-06
FILLER_0_27_51, 25.14, 81.6, 1.37465e-06
FILLER_0_25_51, 25.14, 76.16, 1.29261e-06
FILLER_0_23_51, 25.14, 70.72, 1.20949e-06
FILLER_0_21_51, 25.14, 65.28, 1.12525e-06
FILLER_0_19_51, 25.14, 59.84, 1.03981e-06
FILLER_0_17_51, 25.14, 54.4, 9.53105e-07
FILLER_0_15_51, 25.14, 48.96, 8.65055e-07
FILLER_0_13_51, 25.14, 43.52, 7.75572e-07
FILLER_0_11_51, 25.14, 38.08, 6.84553e-07
FILLER_0_9_51, 25.14, 32.64, 5.9189e-07
FILLER_0_7_51, 25.14, 27.2, 6.39023e-07
FILLER_0_5_51, 25.14, 21.76, 7.55185e-07
FILLER_0_3_51, 25.14, 16.32, 8.7016e-07
FILLER_0_0_53, 25.14, 10.88, 2.94347e-06
FILLER_0_1_51, 25.14, 10.88, 2.94347e-06
PHY_126, 5.52, 184.96, 2.26627e-06
PHY_128, 5.52, 184.96, 2.26627e-06
PHY_127, 194.12, 184.96, 5.85518e-06
PHY_129, 194.12, 184.96, 5.85518e-06
input1, 194.12, 184.96, 5.85518e-06
FILLER_0_64_81, 37.94, 184.96, 2.39683e-06
FILLER_0_64_109, 50.74, 184.96, 2.52741e-06
FILLER_0_64_137, 63.54, 184.96, 2.65797e-06
FILLER_0_64_165, 76.34, 184.96, 2.78853e-06
FILLER_0_64_193, 89.14, 184.96, 2.91907e-06
FILLER_0_64_221, 101.94, 184.96, 3.04961e-06
FILLER_0_64_249, 114.74, 184.96, 3.18013e-06
FILLER_0_64_277, 127.54, 184.96, 3.31064e-06
FILLER_0_64_305, 140.34, 184.96, 3.44115e-06
FILLER_0_64_333, 153.14, 184.96, 3.57164e-06
FILLER_0_64_361, 165.94, 184.96, 3.70212e-06
FILLER_0_63_385, 186.43, 184.96, 4.84389e-06
FILLER_0_64_389, 186.43, 184.96, 4.84389e-06
FILLER_0_64_393, 186.43, 184.96, 4.84389e-06
PHY_122, 5.52, 179.52, 2.1655e-06
PHY_124, 5.52, 179.52, 2.1655e-06
PHY_123, 194.12, 179.52, 2.53722e-06
PHY_125, 194.12, 179.52, 2.53722e-06
FILLER_0_62_77, 37.94, 179.52, 2.1965e-06
FILLER_0_63_105, 50.74, 179.52, 2.22753e-06
FILLER_0_62_133, 63.54, 179.52, 2.25854e-06
FILLER_0_63_161, 76.34, 179.52, 2.28954e-06
FILLER_0_62_189, 89.14, 179.52, 2.32054e-06
FILLER_0_63_217, 101.94, 179.52, 2.35152e-06
FILLER_0_62_245, 114.74, 179.52, 2.38249e-06
FILLER_0_63_273, 127.54, 179.52, 2.41345e-06
FILLER_0_62_301, 140.34, 179.52, 2.4444e-06
FILLER_0_63_329, 153.14, 179.52, 2.47533e-06
FILLER_0_62_357, 165.94, 179.52, 2.50626e-06
FILLER_0_61_385, 186.43, 179.52, 2.5372e-06
FILLER_0_62_401, 186.43, 179.52, 2.5372e-06
PHY_118, 5.52, 174.08, 2.13608e-06
PHY_120, 5.52, 174.08, 2.13608e-06
PHY_119, 194.12, 174.08, 2.48593e-06
PHY_121, 194.12, 174.08, 2.48593e-06
FILLER_0_60_77, 37.94, 174.08, 2.16526e-06
FILLER_0_61_105, 50.74, 174.08, 2.19446e-06
FILLER_0_60_133, 63.54, 174.08, 2.22365e-06
FILLER_0_61_161, 76.34, 174.08, 2.25283e-06
FILLER_0_60_189, 89.14, 174.08, 2.282e-06
FILLER_0_61_217, 101.94, 174.08, 2.31116e-06
FILLER_0_60_245, 114.74, 174.08, 2.34031e-06
FILLER_0_61_273, 127.54, 174.08, 2.36945e-06
FILLER_0_60_301, 140.34, 174.08, 2.39857e-06
FILLER_0_61_329, 153.14, 174.08, 2.42769e-06
FILLER_0_60_357, 165.94, 174.08, 2.45679e-06
FILLER_0_59_385, 186.43, 174.08, 2.48591e-06
FILLER_0_60_401, 186.43, 174.08, 2.48591e-06
PHY_114, 5.52, 168.64, 2.10541e-06
PHY_116, 5.52, 168.64, 2.10541e-06
PHY_115, 194.12, 168.64, 2.43587e-06
PHY_117, 194.12, 168.64, 2.43587e-06
FILLER_0_58_77, 37.94, 168.64, 2.13298e-06
FILLER_0_59_105, 50.74, 168.64, 2.16056e-06
FILLER_0_58_133, 63.54, 168.64, 2.18814e-06
FILLER_0_59_161, 76.34, 168.64, 2.2157e-06
FILLER_0_58_189, 89.14, 168.64, 2.24325e-06
FILLER_0_59_217, 101.94, 168.64, 2.2708e-06
FILLER_0_58_245, 114.74, 168.64, 2.29833e-06
FILLER_0_59_273, 127.54, 168.64, 2.32585e-06
FILLER_0_58_301, 140.34, 168.64, 2.35336e-06
FILLER_0_59_329, 153.14, 168.64, 2.38086e-06
FILLER_0_58_357, 165.94, 168.64, 2.40835e-06
FILLER_0_57_385, 186.43, 168.64, 2.43585e-06
FILLER_0_58_401, 186.43, 168.64, 2.43585e-06
PHY_110, 5.52, 163.2, 2.07357e-06
PHY_112, 5.52, 163.2, 2.07357e-06
PHY_111, 194.12, 163.2, 2.38697e-06
PHY_113, 194.12, 163.2, 2.38697e-06
FILLER_0_56_77, 37.94, 163.2, 2.09972e-06
FILLER_0_57_105, 50.74, 163.2, 2.12588e-06
FILLER_0_56_133, 63.54, 163.2, 2.15203e-06
FILLER_0_57_161, 76.34, 163.2, 2.17818e-06
FILLER_0_56_189, 89.14, 163.2, 2.20431e-06
FILLER_0_57_217, 101.94, 163.2, 2.23043e-06
FILLER_0_56_245, 114.74, 163.2, 2.25654e-06
FILLER_0_57_273, 127.54, 163.2, 2.28264e-06
FILLER_0_56_301, 140.34, 163.2, 2.30873e-06
FILLER_0_57_329, 153.14, 163.2, 2.33481e-06
FILLER_0_56_357, 165.94, 163.2, 2.36087e-06
FILLER_0_55_385, 186.43, 163.2, 2.38696e-06
FILLER_0_56_401, 186.43, 163.2, 2.38696e-06
PHY_106, 5.52, 157.76, 2.04063e-06
PHY_108, 5.52, 157.76, 2.04063e-06
PHY_107, 194.12, 157.76, 2.33918e-06
PHY_109, 194.12, 157.76, 2.33918e-06
FILLER_0_54_77, 37.94, 157.76, 2.06553e-06
FILLER_0_55_105, 50.74, 157.76, 2.09046e-06
FILLER_0_54_133, 63.54, 157.76, 2.11537e-06
FILLER_0_55_161, 76.34, 157.76, 2.14028e-06
FILLER_0_54_189, 89.14, 157.76, 2.16518e-06
FILLER_0_55_217, 101.94, 157.76, 2.19006e-06
FILLER_0_54_245, 114.74, 157.76, 2.21493e-06
FILLER_0_55_273, 127.54, 157.76, 2.2398e-06
FILLER_0_54_301, 140.34, 157.76, 2.26465e-06
FILLER_0_55_329, 153.14, 157.76, 2.28949e-06
FILLER_0_54_357, 165.94, 157.76, 2.31432e-06
FILLER_0_53_385, 186.43, 157.76, 2.33916e-06
FILLER_0_54_401, 186.43, 157.76, 2.33916e-06
PHY_102, 5.52, 152.32, 2.00662e-06
PHY_104, 5.52, 152.32, 2.00662e-06
PHY_103, 194.12, 152.32, 2.29243e-06
PHY_105, 194.12, 152.32, 2.29243e-06
FILLER_0_52_77, 37.94, 152.32, 2.03046e-06
FILLER_0_53_105, 50.74, 152.32, 2.05433e-06
FILLER_0_52_133, 63.54, 152.32, 2.07818e-06
FILLER_0_53_161, 76.34, 152.32, 2.10203e-06
FILLER_0_52_189, 89.14, 152.32, 2.12586e-06
FILLER_0_53_217, 101.94, 152.32, 2.14968e-06
FILLER_0_52_245, 114.74, 152.32, 2.1735e-06
FILLER_0_53_273, 127.54, 152.32, 2.1973e-06
FILLER_0_52_301, 140.34, 152.32, 2.22109e-06
FILLER_0_53_329, 153.14, 152.32, 2.24487e-06
FILLER_0_52_357, 165.94, 152.32, 2.26864e-06
FILLER_0_51_385, 186.43, 152.32, 2.29242e-06
FILLER_0_52_401, 186.43, 152.32, 2.29242e-06
PHY_98, 5.52, 146.88, 1.97159e-06
PHY_100, 5.52, 146.88, 1.97159e-06
PHY_99, 194.12, 146.88, 2.2467e-06
PHY_101, 194.12, 146.88, 2.2467e-06
FILLER_0_50_77, 37.94, 146.88, 1.99454e-06
FILLER_0_51_105, 50.74, 146.88, 2.01752e-06
FILLER_0_50_133, 63.54, 146.88, 2.04048e-06
FILLER_0_51_161, 76.34, 146.88, 2.06343e-06
FILLER_0_50_189, 89.14, 146.88, 2.08637e-06
FILLER_0_51_217, 101.94, 146.88, 2.1093e-06
FILLER_0_50_245, 114.74, 146.88, 2.13222e-06
FILLER_0_51_273, 127.54, 146.88, 2.15513e-06
FILLER_0_50_301, 140.34, 146.88, 2.17803e-06
FILLER_0_51_329, 153.14, 146.88, 2.20091e-06
FILLER_0_50_357, 165.94, 146.88, 2.22379e-06
FILLER_0_49_385, 186.43, 146.88, 2.24668e-06
FILLER_0_50_401, 186.43, 146.88, 2.24668e-06
PHY_94, 5.52, 141.44, 1.93559e-06
PHY_96, 5.52, 141.44, 1.93559e-06
PHY_95, 194.12, 141.44, 2.20192e-06
PHY_97, 194.12, 141.44, 2.20192e-06
FILLER_0_48_77, 37.94, 141.44, 1.95781e-06
FILLER_0_49_105, 50.74, 141.44, 1.98006e-06
FILLER_0_48_133, 63.54, 141.44, 2.00229e-06
FILLER_0_49_161, 76.34, 141.44, 2.02451e-06
FILLER_0_48_189, 89.14, 141.44, 2.04672e-06
FILLER_0_49_217, 101.94, 141.44, 2.06892e-06
FILLER_0_48_245, 114.74, 141.44, 2.09111e-06
FILLER_0_49_273, 127.54, 141.44, 2.11328e-06
FILLER_0_48_301, 140.34, 141.44, 2.13545e-06
FILLER_0_49_329, 153.14, 141.44, 2.15761e-06
FILLER_0_48_357, 165.94, 141.44, 2.17975e-06
FILLER_0_47_385, 186.43, 141.44, 2.20191e-06
FILLER_0_48_401, 186.43, 141.44, 2.20191e-06
PHY_90, 5.52, 136, 1.89865e-06
PHY_92, 5.52, 136, 1.89865e-06
PHY_91, 194.12, 136, 2.15809e-06
PHY_93, 194.12, 136, 2.15809e-06
FILLER_0_46_77, 37.94, 136, 1.92029e-06
FILLER_0_47_105, 50.74, 136, 1.94196e-06
FILLER_0_46_133, 63.54, 136, 1.96362e-06
FILLER_0_47_161, 76.34, 136, 1.98527e-06
FILLER_0_46_189, 89.14, 136, 2.0069e-06
FILLER_0_47_217, 101.94, 136, 2.02853e-06
FILLER_0_46_245, 114.74, 136, 2.05014e-06
FILLER_0_47_273, 127.54, 136, 2.07175e-06
FILLER_0_46_301, 140.34, 136, 2.09334e-06
FILLER_0_47_329, 153.14, 136, 2.11492e-06
FILLER_0_46_357, 165.94, 136, 2.13649e-06
FILLER_0_45_385, 186.43, 136, 2.15808e-06
FILLER_0_46_401, 186.43, 136, 2.15808e-06
PHY_86, 5.52, 130.56, 1.86078e-06
PHY_88, 5.52, 130.56, 1.86078e-06
PHY_87, 194.12, 130.56, 2.11517e-06
PHY_89, 194.12, 130.56, 2.11517e-06
FILLER_0_44_77, 37.94, 130.56, 1.882e-06
FILLER_0_45_105, 50.74, 130.56, 1.90325e-06
FILLER_0_44_133, 63.54, 130.56, 1.92449e-06
FILLER_0_45_161, 76.34, 130.56, 1.94571e-06
FILLER_0_44_189, 89.14, 130.56, 1.96693e-06
FILLER_0_45_217, 101.94, 130.56, 1.98813e-06
FILLER_0_44_245, 114.74, 130.56, 2.00933e-06
FILLER_0_45_273, 127.54, 130.56, 2.03051e-06
FILLER_0_44_301, 140.34, 130.56, 2.05168e-06
FILLER_0_45_329, 153.14, 130.56, 2.07284e-06
FILLER_0_44_357, 165.94, 130.56, 2.09399e-06
FILLER_0_43_385, 186.43, 130.56, 2.11516e-06
FILLER_0_44_401, 186.43, 130.56, 2.11516e-06
PHY_82, 5.52, 125.12, 1.82201e-06
PHY_84, 5.52, 125.12, 1.82201e-06
PHY_83, 194.12, 125.12, 2.07314e-06
PHY_85, 194.12, 125.12, 2.07314e-06
FILLER_0_42_77, 37.94, 125.12, 1.84296e-06
FILLER_0_43_105, 50.74, 125.12, 1.86394e-06
FILLER_0_42_133, 63.54, 125.12, 1.8849e-06
FILLER_0_43_161, 76.34, 125.12, 1.90586e-06
FILLER_0_42_189, 89.14, 125.12, 1.9268e-06
FILLER_0_43_217, 101.94, 125.12, 1.94773e-06
FILLER_0_42_245, 114.74, 125.12, 1.96866e-06
FILLER_0_43_273, 127.54, 125.12, 1.98957e-06
FILLER_0_42_301, 140.34, 125.12, 2.01047e-06
FILLER_0_43_329, 153.14, 125.12, 2.03136e-06
FILLER_0_42_357, 165.94, 125.12, 2.05223e-06
FILLER_0_41_385, 186.43, 125.12, 2.07313e-06
FILLER_0_42_401, 186.43, 125.12, 2.07313e-06
PHY_78, 5.52, 119.68, 1.78235e-06
PHY_80, 5.52, 119.68, 1.78235e-06
PHY_79, 194.12, 119.68, 2.032e-06
PHY_81, 194.12, 119.68, 2.032e-06
FILLER_0_40_77, 37.94, 119.68, 1.80318e-06
FILLER_0_41_105, 50.74, 119.68, 1.82403e-06
FILLER_0_40_133, 63.54, 119.68, 1.84487e-06
FILLER_0_41_161, 76.34, 119.68, 1.8657e-06
FILLER_0_40_189, 89.14, 119.68, 1.88652e-06
FILLER_0_41_217, 101.94, 119.68, 1.90733e-06
FILLER_0_40_245, 114.74, 119.68, 1.92813e-06
FILLER_0_41_273, 127.54, 119.68, 1.94892e-06
FILLER_0_40_301, 140.34, 119.68, 1.96969e-06
FILLER_0_41_329, 153.14, 119.68, 1.99046e-06
FILLER_0_40_357, 165.94, 119.68, 2.01121e-06
FILLER_0_39_385, 186.43, 119.68, 2.03198e-06
FILLER_0_40_401, 186.43, 119.68, 2.03198e-06
PHY_74, 5.52, 114.24, 1.7418e-06
PHY_76, 5.52, 114.24, 1.7418e-06
PHY_75, 194.12, 114.24, 1.99173e-06
PHY_77, 194.12, 114.24, 1.99173e-06
FILLER_0_38_77, 37.94, 114.24, 1.76265e-06
FILLER_0_39_105, 50.74, 114.24, 1.78353e-06
FILLER_0_38_133, 63.54, 114.24, 1.80439e-06
FILLER_0_39_161, 76.34, 114.24, 1.82524e-06
FILLER_0_38_189, 89.14, 114.24, 1.84609e-06
FILLER_0_39_217, 101.94, 114.24, 1.86692e-06
FILLER_0_38_245, 114.74, 114.24, 1.88774e-06
FILLER_0_39_273, 127.54, 114.24, 1.90855e-06
FILLER_0_38_301, 140.34, 114.24, 1.92935e-06
FILLER_0_39_329, 153.14, 114.24, 1.95014e-06
FILLER_0_38_357, 165.94, 114.24, 1.97092e-06
FILLER_0_37_385, 186.43, 114.24, 1.99172e-06
FILLER_0_38_401, 186.43, 114.24, 1.99172e-06
PHY_70, 5.52, 108.8, 1.70036e-06
PHY_72, 5.52, 108.8, 1.70036e-06
PHY_71, 194.12, 108.8, 1.95234e-06
PHY_73, 194.12, 108.8, 1.95234e-06
FILLER_0_36_77, 37.94, 108.8, 1.72138e-06
FILLER_0_37_105, 50.74, 108.8, 1.74243e-06
FILLER_0_36_133, 63.54, 108.8, 1.76347e-06
FILLER_0_37_161, 76.34, 108.8, 1.78449e-06
FILLER_0_36_189, 89.14, 108.8, 1.8055e-06
FILLER_0_37_217, 101.94, 108.8, 1.82651e-06
FILLER_0_36_245, 114.74, 108.8, 1.8475e-06
FILLER_0_37_273, 127.54, 108.8, 1.86848e-06
FILLER_0_36_301, 140.34, 108.8, 1.88945e-06
FILLER_0_37_329, 153.14, 108.8, 1.91041e-06
FILLER_0_36_357, 165.94, 108.8, 1.93136e-06
FILLER_0_35_385, 186.43, 108.8, 1.95233e-06
FILLER_0_36_401, 186.43, 108.8, 1.95233e-06
PHY_66, 5.52, 103.36, 1.65803e-06
PHY_68, 5.52, 103.36, 1.65803e-06
PHY_67, 194.12, 103.36, 1.91384e-06
PHY_69, 194.12, 103.36, 1.91384e-06
FILLER_0_34_77, 37.94, 103.36, 1.67937e-06
FILLER_0_35_105, 50.74, 103.36, 1.70074e-06
FILLER_0_34_133, 63.54, 103.36, 1.72209e-06
FILLER_0_35_161, 76.34, 103.36, 1.74343e-06
FILLER_0_34_189, 89.14, 103.36, 1.76477e-06
FILLER_0_35_217, 101.94, 103.36, 1.78609e-06
FILLER_0_34_245, 114.74, 103.36, 1.8074e-06
FILLER_0_35_273, 127.54, 103.36, 1.8287e-06
FILLER_0_34_301, 140.34, 103.36, 1.84999e-06
FILLER_0_35_329, 153.14, 103.36, 1.87127e-06
FILLER_0_34_357, 165.94, 103.36, 1.89254e-06
FILLER_0_33_385, 186.43, 103.36, 1.91382e-06
FILLER_0_34_401, 186.43, 103.36, 1.91382e-06
PHY_62, 5.52, 97.92, 2.18369e-06
PHY_64, 5.52, 97.92, 2.18369e-06
PHY_63, 194.12, 97.92, 2.44513e-06
PHY_65, 194.12, 97.92, 2.44513e-06
FILLER_0_32_77, 37.94, 97.92, 2.93346e-06
FILLER_0_33_105, 50.74, 97.92, 3.68325e-06
FILLER_0_32_133, 63.54, 97.92, 4.43304e-06
FILLER_0_33_161, 76.34, 97.92, 5.18281e-06
FILLER_0_32_189, 89.14, 97.92, 5.93257e-06
_0_, 101.94, 97.92, 6.68232e-06
FILLER_0_32_197, 101.94, 97.92, 6.68232e-06
FILLER_0_33_217, 101.94, 97.92, 6.68232e-06
FILLER_0_32_241, 114.74, 97.92, 5.97616e-06
FILLER_0_32_249, 114.74, 97.92, 5.97616e-06
FILLER_0_33_273, 127.54, 97.92, 5.26996e-06
FILLER_0_32_301, 140.34, 97.92, 4.56376e-06
FILLER_0_33_329, 153.14, 97.92, 3.85755e-06
FILLER_0_32_357, 165.94, 97.92, 3.15133e-06
FILLER_0_31_385, 186.43, 97.92, 2.44512e-06
FILLER_0_32_401, 186.43, 97.92, 2.44512e-06
PHY_58, 5.52, 92.48, 1.53572e-06
PHY_60, 5.52, 92.48, 1.53572e-06
PHY_59, 194.12, 92.48, 1.80465e-06
PHY_61, 194.12, 92.48, 1.80465e-06
FILLER_0_30_77, 37.94, 92.48, 1.55815e-06
FILLER_0_31_105, 50.74, 92.48, 1.58061e-06
FILLER_0_30_133, 63.54, 92.48, 1.60306e-06
FILLER_0_31_161, 76.34, 92.48, 1.6255e-06
FILLER_0_30_189, 89.14, 92.48, 1.64793e-06
FILLER_0_31_217, 101.94, 92.48, 1.67034e-06
FILLER_0_30_245, 114.74, 92.48, 1.69275e-06
FILLER_0_31_273, 127.54, 92.48, 1.71514e-06
FILLER_0_30_301, 140.34, 92.48, 1.73752e-06
FILLER_0_31_329, 153.14, 92.48, 1.7599e-06
FILLER_0_30_357, 165.94, 92.48, 1.78226e-06
FILLER_0_29_385, 186.43, 92.48, 1.80464e-06
FILLER_0_30_401, 186.43, 92.48, 1.80464e-06
PHY_54, 5.52, 87.04, 1.45569e-06
PHY_56, 5.52, 87.04, 1.45569e-06
PHY_55, 194.12, 87.04, 1.73401e-06
PHY_57, 194.12, 87.04, 1.73401e-06
FILLER_0_28_77, 37.94, 87.04, 1.47891e-06
FILLER_0_29_105, 50.74, 87.04, 1.50215e-06
FILLER_0_28_133, 63.54, 87.04, 1.52538e-06
FILLER_0_29_161, 76.34, 87.04, 1.5486e-06
FILLER_0_28_189, 89.14, 87.04, 1.57181e-06
FILLER_0_29_217, 101.94, 87.04, 1.59501e-06
FILLER_0_28_245, 114.74, 87.04, 1.6182e-06
FILLER_0_29_273, 127.54, 87.04, 1.64137e-06
FILLER_0_28_301, 140.34, 87.04, 1.66454e-06
FILLER_0_29_329, 153.14, 87.04, 1.6877e-06
FILLER_0_28_357, 165.94, 87.04, 1.71084e-06
FILLER_0_27_385, 186.43, 87.04, 1.734e-06
FILLER_0_28_401, 186.43, 87.04, 1.734e-06
PHY_50, 5.52, 81.6, 1.37468e-06
PHY_52, 5.52, 81.6, 1.37468e-06
PHY_51, 194.12, 81.6, 1.66435e-06
PHY_53, 194.12, 81.6, 1.66435e-06
FILLER_0_26_77, 37.94, 81.6, 1.39885e-06
FILLER_0_27_105, 50.74, 81.6, 1.42303e-06
FILLER_0_26_133, 63.54, 81.6, 1.44721e-06
FILLER_0_27_161, 76.34, 81.6, 1.47138e-06
FILLER_0_26_189, 89.14, 81.6, 1.49553e-06
FILLER_0_27_217, 101.94, 81.6, 1.51968e-06
FILLER_0_26_245, 114.74, 81.6, 1.54381e-06
FILLER_0_27_273, 127.54, 81.6, 1.56793e-06
FILLER_0_26_301, 140.34, 81.6, 1.59204e-06
FILLER_0_27_329, 153.14, 81.6, 1.61614e-06
FILLER_0_26_357, 165.94, 81.6, 1.64023e-06
FILLER_0_25_385, 186.43, 81.6, 1.66434e-06
FILLER_0_26_401, 186.43, 81.6, 1.66434e-06
PHY_46, 5.52, 76.16, 1.29264e-06
PHY_48, 5.52, 76.16, 1.29264e-06
PHY_47, 194.12, 76.16, 1.59571e-06
PHY_49, 194.12, 76.16, 1.59571e-06
FILLER_0_24_77, 37.94, 76.16, 1.31792e-06
FILLER_0_25_105, 50.74, 76.16, 1.34323e-06
FILLER_0_24_133, 63.54, 76.16, 1.36852e-06
FILLER_0_25_161, 76.34, 76.16, 1.3938e-06
FILLER_0_24_189, 89.14, 76.16, 1.41908e-06
FILLER_0_25_217, 101.94, 76.16, 1.44434e-06
FILLER_0_24_245, 114.74, 76.16, 1.46959e-06
FILLER_0_25_273, 127.54, 76.16, 1.49483e-06
FILLER_0_24_301, 140.34, 76.16, 1.52005e-06
FILLER_0_25_329, 153.14, 76.16, 1.54527e-06
FILLER_0_24_357, 165.94, 76.16, 1.57048e-06
FILLER_0_23_385, 186.43, 76.16, 1.5957e-06
FILLER_0_24_401, 186.43, 76.16, 1.5957e-06
PHY_42, 5.52, 70.72, 1.20953e-06
PHY_44, 5.52, 70.72, 1.20953e-06
PHY_43, 194.12, 70.72, 1.52814e-06
PHY_45, 194.12, 70.72, 1.52814e-06
FILLER_0_22_77, 37.94, 70.72, 1.2361e-06
FILLER_0_23_105, 50.74, 70.72, 1.2627e-06
FILLER_0_22_133, 63.54, 70.72, 1.28929e-06
FILLER_0_23_161, 76.34, 70.72, 1.31587e-06
FILLER_0_22_189, 89.14, 70.72, 1.34244e-06
FILLER_0_23_217, 101.94, 70.72, 1.36899e-06
FILLER_0_22_245, 114.74, 70.72, 1.39554e-06
FILLER_0_23_273, 127.54, 70.72, 1.42207e-06
FILLER_0_22_301, 140.34, 70.72, 1.4486e-06
FILLER_0_23_329, 153.14, 70.72, 1.47511e-06
FILLER_0_22_357, 165.94, 70.72, 1.50161e-06
FILLER_0_21_385, 186.43, 70.72, 1.52813e-06
FILLER_0_22_401, 186.43, 70.72, 1.52813e-06
PHY_38, 5.52, 65.28, 1.12528e-06
PHY_40, 5.52, 65.28, 1.12528e-06
PHY_39, 194.12, 65.28, 1.46169e-06
PHY_41, 194.12, 65.28, 1.46169e-06
FILLER_0_20_77, 37.94, 65.28, 1.15334e-06
FILLER_0_21_105, 50.74, 65.28, 1.18142e-06
FILLER_0_20_133, 63.54, 65.28, 1.20949e-06
FILLER_0_21_161, 76.34, 65.28, 1.23755e-06
FILLER_0_20_189, 89.14, 65.28, 1.2656e-06
FILLER_0_21_217, 101.94, 65.28, 1.29364e-06
FILLER_0_20_245, 114.74, 65.28, 1.32167e-06
FILLER_0_21_273, 127.54, 65.28, 1.34969e-06
FILLER_0_20_301, 140.34, 65.28, 1.37769e-06
FILLER_0_21_329, 153.14, 65.28, 1.40569e-06
FILLER_0_20_357, 165.94, 65.28, 1.43368e-06
FILLER_0_19_385, 186.43, 65.28, 1.46168e-06
FILLER_0_20_401, 186.43, 65.28, 1.46168e-06
PHY_34, 5.52, 59.84, 1.03984e-06
PHY_36, 5.52, 59.84, 1.03984e-06
PHY_35, 194.12, 59.84, 1.39642e-06
PHY_37, 194.12, 59.84, 1.39642e-06
FILLER_0_18_77, 37.94, 59.84, 1.06958e-06
FILLER_0_19_105, 50.74, 59.84, 1.09935e-06
FILLER_0_18_133, 63.54, 59.84, 1.1291e-06
FILLER_0_19_161, 76.34, 59.84, 1.15884e-06
FILLER_0_18_189, 89.14, 59.84, 1.18857e-06
FILLER_0_19_217, 101.94, 59.84, 1.21829e-06
FILLER_0_18_245, 114.74, 59.84, 1.248e-06
FILLER_0_19_273, 127.54, 59.84, 1.2777e-06
FILLER_0_18_301, 140.34, 59.84, 1.30738e-06
FILLER_0_19_329, 153.14, 59.84, 1.33706e-06
FILLER_0_18_357, 165.94, 59.84, 1.36673e-06
FILLER_0_17_385, 186.43, 59.84, 1.39641e-06
FILLER_0_18_401, 186.43, 59.84, 1.39641e-06
PHY_30, 5.52, 54.4, 9.53138e-07
PHY_32, 5.52, 54.4, 9.53138e-07
PHY_31, 194.12, 54.4, 1.33241e-06
PHY_33, 194.12, 54.4, 1.33241e-06
FILLER_0_16_77, 37.94, 54.4, 9.84769e-07
FILLER_0_17_105, 50.74, 54.4, 1.01642e-06
FILLER_0_16_133, 63.54, 54.4, 1.04807e-06
FILLER_0_17_161, 76.34, 54.4, 1.0797e-06
FILLER_0_16_189, 89.14, 54.4, 1.11132e-06
FILLER_0_17_217, 101.94, 54.4, 1.14293e-06
FILLER_0_16_245, 114.74, 54.4, 1.17453e-06
FILLER_0_17_273, 127.54, 54.4, 1.20612e-06
FILLER_0_16_301, 140.34, 54.4, 1.2377e-06
FILLER_0_17_329, 153.14, 54.4, 1.26927e-06
FILLER_0_16_357, 165.94, 54.4, 1.30082e-06
FILLER_0_15_385, 186.43, 54.4, 1.33239e-06
FILLER_0_16_401, 186.43, 54.4, 1.33239e-06
PHY_26, 5.52, 48.96, 8.65089e-07
PHY_28, 5.52, 48.96, 8.65089e-07
PHY_27, 194.12, 48.96, 1.26973e-06
PHY_29, 194.12, 48.96, 1.26973e-06
FILLER_0_14_77, 37.94, 48.96, 8.98835e-07
FILLER_0_15_105, 50.74, 48.96, 9.32603e-07
FILLER_0_14_133, 63.54, 48.96, 9.6636e-07
FILLER_0_15_161, 76.34, 48.96, 1.00011e-06
FILLER_0_14_189, 89.14, 48.96, 1.03384e-06
FILLER_0_15_217, 101.94, 48.96, 1.06757e-06
FILLER_0_14_245, 114.74, 48.96, 1.10128e-06
FILLER_0_15_273, 127.54, 48.96, 1.13499e-06
FILLER_0_14_301, 140.34, 48.96, 1.16868e-06
FILLER_0_15_329, 153.14, 48.96, 1.20236e-06
FILLER_0_14_357, 165.94, 48.96, 1.23603e-06
FILLER_0_13_385, 186.43, 48.96, 1.26972e-06
FILLER_0_14_401, 186.43, 48.96, 1.26972e-06
PHY_22, 5.52, 43.52, 7.75605e-07
PHY_24, 5.52, 43.52, 7.75605e-07
PHY_23, 194.12, 43.52, 1.20848e-06
PHY_25, 194.12, 43.52, 1.20848e-06
FILLER_0_12_77, 37.94, 43.52, 8.11703e-07
FILLER_0_13_105, 50.74, 43.52, 8.47824e-07
FILLER_0_12_133, 63.54, 43.52, 8.83935e-07
FILLER_0_13_161, 76.34, 43.52, 9.20034e-07
FILLER_0_12_189, 89.14, 43.52, 9.56123e-07
FILLER_0_13_217, 101.94, 43.52, 9.92201e-07
FILLER_0_12_245, 114.74, 43.52, 1.02827e-06
FILLER_0_13_273, 127.54, 43.52, 1.06432e-06
FILLER_0_12_301, 140.34, 43.52, 1.10037e-06
FILLER_0_13_329, 153.14, 43.52, 1.1364e-06
FILLER_0_12_357, 165.94, 43.52, 1.17243e-06
FILLER_0_11_385, 186.43, 43.52, 1.20847e-06
FILLER_0_12_401, 186.43, 43.52, 1.20847e-06
PHY_18, 5.52, 38.08, 6.84586e-07
PHY_20, 5.52, 38.08, 6.84586e-07
PHY_19, 194.12, 38.08, 1.14875e-06
PHY_21, 194.12, 38.08, 1.14875e-06
FILLER_0_10_77, 37.94, 38.08, 7.23293e-07
FILLER_0_11_105, 50.74, 38.08, 7.62022e-07
FILLER_0_10_133, 63.54, 38.08, 8.00739e-07
FILLER_0_11_161, 76.34, 38.08, 8.39447e-07
FILLER_0_10_189, 89.14, 38.08, 8.78143e-07
FILLER_0_11_217, 101.94, 38.08, 9.16828e-07
FILLER_0_10_245, 114.74, 38.08, 9.55503e-07
FILLER_0_11_273, 127.54, 38.08, 9.94167e-07
FILLER_0_10_301, 140.34, 38.08, 1.03282e-06
FILLER_0_11_329, 153.14, 38.08, 1.07146e-06
FILLER_0_10_357, 165.94, 38.08, 1.11009e-06
FILLER_0_9_385, 186.43, 38.08, 1.14874e-06
FILLER_0_10_401, 186.43, 38.08, 1.14874e-06
PHY_14, 5.52, 32.64, 5.91923e-07
PHY_16, 5.52, 32.64, 5.91923e-07
PHY_15, 194.12, 32.64, 1.09066e-06
PHY_17, 194.12, 32.64, 1.09066e-06
FILLER_0_8_77, 37.94, 32.64, 6.33511e-07
FILLER_0_9_105, 50.74, 32.64, 6.7512e-07
FILLER_0_8_133, 63.54, 32.64, 7.16719e-07
FILLER_0_9_161, 76.34, 32.64, 7.58308e-07
FILLER_0_8_189, 89.14, 32.64, 7.99885e-07
FILLER_0_9_217, 101.94, 32.64, 8.41451e-07
FILLER_0_8_245, 114.74, 32.64, 8.83007e-07
FILLER_0_9_273, 127.54, 32.64, 9.24552e-07
FILLER_0_8_301, 140.34, 32.64, 9.66086e-07
FILLER_0_9_329, 153.14, 32.64, 1.00761e-06
FILLER_0_8_357, 165.94, 32.64, 1.04912e-06
FILLER_0_7_385, 186.43, 32.64, 1.09065e-06
FILLER_0_8_401, 186.43, 32.64, 1.09065e-06
PHY_10, 5.52, 27.2, 6.39056e-07
PHY_12, 5.52, 27.2, 6.39056e-07
PHY_11, 194.12, 27.2, 1.07849e-06
PHY_13, 194.12, 27.2, 1.07849e-06
FILLER_0_6_77, 37.94, 27.2, 6.75702e-07
FILLER_0_7_105, 50.74, 27.2, 7.12369e-07
FILLER_0_6_133, 63.54, 27.2, 7.49026e-07
FILLER_0_7_161, 76.34, 27.2, 7.85672e-07
FILLER_0_6_189, 89.14, 27.2, 8.22308e-07
FILLER_0_7_217, 101.94, 27.2, 8.58932e-07
FILLER_0_6_245, 114.74, 27.2, 8.95546e-07
FILLER_0_7_273, 127.54, 27.2, 9.32149e-07
FILLER_0_6_301, 140.34, 27.2, 9.68741e-07
FILLER_0_7_329, 153.14, 27.2, 1.00532e-06
FILLER_0_6_357, 165.94, 27.2, 1.04189e-06
FILLER_0_5_385, 186.43, 27.2, 1.07848e-06
FILLER_0_6_401, 186.43, 27.2, 1.07848e-06
PHY_6, 5.52, 21.76, 7.55219e-07
PHY_8, 5.52, 21.76, 7.55219e-07
PHY_7, 194.12, 21.76, 1.08989e-06
PHY_9, 194.12, 21.76, 1.08989e-06
FILLER_0_4_77, 37.94, 21.76, 7.83133e-07
FILLER_0_5_105, 50.74, 21.76, 8.11071e-07
FILLER_0_4_133, 63.54, 21.76, 8.38997e-07
FILLER_0_5_161, 76.34, 21.76, 8.66912e-07
FILLER_0_4_189, 89.14, 21.76, 8.94817e-07
FILLER_0_5_217, 101.94, 21.76, 9.22711e-07
FILLER_0_4_245, 114.74, 21.76, 9.50594e-07
FILLER_0_5_273, 127.54, 21.76, 9.78467e-07
FILLER_0_4_301, 140.34, 21.76, 1.00633e-06
FILLER_0_5_329, 153.14, 21.76, 1.03418e-06
FILLER_0_4_357, 165.94, 21.76, 1.06202e-06
FILLER_0_3_385, 186.43, 21.76, 1.08987e-06
FILLER_0_4_401, 186.43, 21.76, 1.08987e-06
PHY_2, 5.52, 16.32, 8.70193e-07
PHY_4, 5.52, 16.32, 8.70193e-07
PHY_3, 194.12, 16.32, 1.10246e-06
PHY_5, 194.12, 16.32, 1.10246e-06
FILLER_0_2_77, 37.94, 16.32, 8.89575e-07
FILLER_0_3_105, 50.74, 16.32, 9.08979e-07
FILLER_0_2_133, 63.54, 16.32, 9.28372e-07
FILLER_0_3_161, 76.34, 16.32, 9.47754e-07
FILLER_0_2_189, 89.14, 16.32, 9.67125e-07
FILLER_0_3_217, 101.94, 16.32, 9.86486e-07
FILLER_0_2_245, 114.74, 16.32, 1.00584e-06
FILLER_0_3_273, 127.54, 16.32, 1.02517e-06
FILLER_0_2_301, 140.34, 16.32, 1.0445e-06
FILLER_0_3_329, 153.14, 16.32, 1.06382e-06
FILLER_0_2_357, 165.94, 16.32, 1.08313e-06
FILLER_0_1_385, 186.43, 16.32, 1.10245e-06
FILLER_0_2_401, 186.43, 16.32, 1.10245e-06
PHY_0, 5.52, 10.88, 7.02102e-06
output2, 5.52, 10.88, 7.02102e-06
PHY_1, 194.12, 10.88, 1.23562e-06
FILLER_0_0_21, 15.33, 10.88, 4.98225e-06
FILLER_0_0_81, 37.94, 10.88, 2.80123e-06
FILLER_0_0_109, 50.74, 10.88, 2.65899e-06
FILLER_0_1_105, 50.74, 10.88, 2.65899e-06
FILLER_0_0_137, 63.54, 10.88, 2.51672e-06
FILLER_0_0_165, 76.34, 10.88, 2.37444e-06
FILLER_0_1_161, 76.34, 10.88, 2.37444e-06
FILLER_0_0_193, 89.14, 10.88, 2.23214e-06
FILLER_0_0_221, 101.94, 10.88, 2.08983e-06
FILLER_0_1_217, 101.94, 10.88, 2.08983e-06
FILLER_0_0_249, 114.74, 10.88, 1.9475e-06
FILLER_0_0_277, 127.54, 10.88, 1.80515e-06
FILLER_0_1_273, 127.54, 10.88, 1.80515e-06
FILLER_0_0_305, 140.34, 10.88, 1.66279e-06
FILLER_0_0_333, 153.14, 10.88, 1.52041e-06
FILLER_0_1_329, 153.14, 10.88, 1.52041e-06
FILLER_0_0_361, 165.94, 10.88, 1.37801e-06
FILLER_0_0_389, 186.43, 10.88, 1.23562e-06

