OpenSTA 2.4.0 41a51eaf4c Copyright (c) 2021, Parallax Software, Inc.
License GPLv3: GNU GPL version 3 <http://gnu.org/licenses/gpl.html>

This is free software, and you are free to change and redistribute it
under certain conditions; type `show_copying' for details. 
This program comes with ABSOLUTELY NO WARRANTY; for details type `show_warranty'.
define_corners Typical
read_liberty -corner Typical /home/jagadeesh97/.ciel/sky130A/libs.ref/sky130_fd_sc_hd/lib/sky130_fd_sc_hd__tt_025C_1v80.lib
Using 1e-12 for capacitance...
Using 1e+03 for resistance...
Using 1e-09 for time...
Using 1e+00 for voltage...
Using 1e-03 for current...
Using 1e-09 for power...
Using 1e-06 for distance...
Reading netlist '/openlane/designs/inverter/runs/myrun/results/routing/inverter.nl.v'…
Warning: /openlane/designs/inverter/runs/myrun/results/routing/inverter.nl.v line 141, module sky130_fd_sc_hd__tapvpwrvgnd_1 not found. Creating black box for TAP_130.
Warning: /openlane/designs/inverter/runs/myrun/results/routing/inverter.nl.v line 614, module sky130_ef_sc_hd__decap_12 not found. Creating black box for FILLER_0_0_9.
Warning: /openlane/designs/inverter/runs/myrun/results/routing/inverter.nl.v line 616, module sky130_fd_sc_hd__fill_1 not found. Creating black box for FILLER_0_0_27.
Warning: /openlane/designs/inverter/runs/myrun/results/routing/inverter.nl.v line 657, module sky130_fd_sc_hd__fill_2 not found. Creating black box for FILLER_0_0_405.
Reading design constraints file at '/openlane/designs/inverter/runs/myrun/tmp/17-inverter.sdc'…
min_report

===========================================================================
report_checks -path_delay min (Hold)
============================================================================
======================= Typical Corner ===================================

Startpoint: in (input port clocked by clk)
Endpoint: out (output port clocked by clk)
Path Group: clk
Path Type: min

Fanout     Cap    Slew   Delay    Time   Description
-----------------------------------------------------------------------------
                  0.00    0.00    0.00   clock clk (rise edge)
                          0.00    0.00   clock network delay (ideal)
                          2.00    2.00 ^ input external delay
                  0.02    0.01    2.01 ^ in (in)
     1    0.00                           in (net)
                  0.02    0.00    2.01 ^ input1/A (sky130_fd_sc_hd__clkbuf_2)
                  0.13    0.15    2.16 ^ input1/X (sky130_fd_sc_hd__clkbuf_2)
     1    0.02                           net1 (net)
                  0.13    0.00    2.16 ^ _0_/A (sky130_fd_sc_hd__inv_2)
                  0.07    0.09    2.25 v _0_/Y (sky130_fd_sc_hd__inv_2)
     1    0.02                           net2 (net)
                  0.07    0.00    2.25 v output2/A (sky130_fd_sc_hd__clkbuf_4)
                  0.08    0.18    2.44 v output2/X (sky130_fd_sc_hd__clkbuf_4)
     1    0.03                           out (net)
                  0.08    0.00    2.44 v out (out)
                                  2.44   data arrival time

                  0.00    0.00    0.00   clock clk (rise edge)
                          0.00    0.00   clock network delay (ideal)
                          0.25    0.25   clock uncertainty
                          0.00    0.25   clock reconvergence pessimism
                         -2.00   -1.75   output external delay
                                 -1.75   data required time
-----------------------------------------------------------------------------
                                 -1.75   data required time
                                 -2.44   data arrival time
-----------------------------------------------------------------------------
                                  4.19   slack (MET)



min_report_end
max_report

===========================================================================
report_checks -path_delay max (Setup)
============================================================================
======================= Typical Corner ===================================

Startpoint: in (input port clocked by clk)
Endpoint: out (output port clocked by clk)
Path Group: clk
Path Type: max

Fanout     Cap    Slew   Delay    Time   Description
-----------------------------------------------------------------------------
                  0.00    0.00    0.00   clock clk (rise edge)
                          0.00    0.00   clock network delay (ideal)
                          2.00    2.00 v input external delay
                  0.01    0.01    2.01 v in (in)
     1    0.00                           in (net)
                  0.01    0.00    2.01 v input1/A (sky130_fd_sc_hd__clkbuf_2)
                  0.09    0.15    2.15 v input1/X (sky130_fd_sc_hd__clkbuf_2)
     1    0.02                           net1 (net)
                  0.09    0.00    2.16 v _0_/A (sky130_fd_sc_hd__inv_2)
                  0.12    0.13    2.29 ^ _0_/Y (sky130_fd_sc_hd__inv_2)
     1    0.02                           net2 (net)
                  0.12    0.00    2.29 ^ output2/A (sky130_fd_sc_hd__clkbuf_4)
                  0.11    0.22    2.51 ^ output2/X (sky130_fd_sc_hd__clkbuf_4)
     1    0.03                           out (net)
                  0.11    0.00    2.52 ^ out (out)
                                  2.52   data arrival time

                  0.00   10.00   10.00   clock clk (rise edge)
                          0.00   10.00   clock network delay (ideal)
                         -0.25    9.75   clock uncertainty
                          0.00    9.75   clock reconvergence pessimism
                         -2.00    7.75   output external delay
                                  7.75   data required time
-----------------------------------------------------------------------------
                                  7.75   data required time
                                 -2.52   data arrival time
-----------------------------------------------------------------------------
                                  5.23   slack (MET)



max_report_end
checks_report

===========================================================================
report_checks -unconstrained
===========================================================================
======================= Typical Corner ===================================

Startpoint: in (input port clocked by clk)
Endpoint: out (output port clocked by clk)
Path Group: clk
Path Type: max

Fanout     Cap    Slew   Delay    Time   Description
-----------------------------------------------------------------------------
                  0.00    0.00    0.00   clock clk (rise edge)
                          0.00    0.00   clock network delay (ideal)
                          2.00    2.00 v input external delay
                  0.01    0.01    2.01 v in (in)
     1    0.00                           in (net)
                  0.01    0.00    2.01 v input1/A (sky130_fd_sc_hd__clkbuf_2)
                  0.09    0.15    2.15 v input1/X (sky130_fd_sc_hd__clkbuf_2)
     1    0.02                           net1 (net)
                  0.09    0.00    2.16 v _0_/A (sky130_fd_sc_hd__inv_2)
                  0.12    0.13    2.29 ^ _0_/Y (sky130_fd_sc_hd__inv_2)
     1    0.02                           net2 (net)
                  0.12    0.00    2.29 ^ output2/A (sky130_fd_sc_hd__clkbuf_4)
                  0.11    0.22    2.51 ^ output2/X (sky130_fd_sc_hd__clkbuf_4)
     1    0.03                           out (net)
                  0.11    0.00    2.52 ^ out (out)
                                  2.52   data arrival time

                  0.00   10.00   10.00   clock clk (rise edge)
                          0.00   10.00   clock network delay (ideal)
                         -0.25    9.75   clock uncertainty
                          0.00    9.75   clock reconvergence pessimism
                         -2.00    7.75   output external delay
                                  7.75   data required time
-----------------------------------------------------------------------------
                                  7.75   data required time
                                 -2.52   data arrival time
-----------------------------------------------------------------------------
                                  5.23   slack (MET)




===========================================================================
report_checks --slack_max -0.01
============================================================================
======================= Typical Corner ===================================

No paths found.


===========================================================================
 report_check_types -max_slew -max_cap -max_fanout -violators
============================================================================
======================= Typical Corner ===================================



===========================================================================
report_parasitic_annotation -report_unannotated
============================================================================
Found 0 unannotated drivers.
Found 0 partially unannotated drivers.

===========================================================================
max slew violation count 0
max fanout violation count 0
max cap violation count 0
============================================================================

===========================================================================
check_setup -verbose -unconstrained_endpoints -multiple_clock -no_clock -no_input_delay -loops -generated_clocks
===========================================================================
checks_report_end
power_report

===========================================================================
 report_power
============================================================================
======================= Typical Corner ===================================

Group                  Internal  Switching    Leakage      Total
                          Power      Power      Power      Power (Watts)
----------------------------------------------------------------
Sequential             0.00e+00   0.00e+00   0.00e+00   0.00e+00   0.0%
Combinational          4.14e-07   1.33e-06   1.96e-09   1.74e-06 100.0%
Macro                  0.00e+00   0.00e+00   0.00e+00   0.00e+00   0.0%
Pad                    0.00e+00   0.00e+00   0.00e+00   0.00e+00   0.0%
----------------------------------------------------------------
Total                  4.14e-07   1.33e-06   1.96e-09   1.74e-06 100.0%
                          23.8%      76.1%       0.1%

power_report_end
skew_report

===========================================================================
report_clock_skew
============================================================================
Clock clk
No launch/capture paths found.

skew_report_end
summary_report

===========================================================================
report_tns
============================================================================
tns 0.00

===========================================================================
report_wns
============================================================================
wns 0.00

===========================================================================
report_worst_slack -max (Setup)
============================================================================
worst slack 5.23

===========================================================================
report_worst_slack -min (Hold)
============================================================================
worst slack 4.19
summary_report_end
[WARNING] Did not save OpenROAD database!
Writing SDF to '/openlane/designs/inverter/runs/myrun/results/routing/mca/process_corner_nom/inverter.sdf'…
Writing timing model to '/openlane/designs/inverter/runs/myrun/results/routing/mca/process_corner_nom/inverter.lib'…
