Sun Sep 21 05:48:39 UTC 2025 - Executing "openroad -exit -no_init -python /openlane/scripts/odbpy/lefutil.py get_metal_layers -o /openlane/designs/inverter/runs/myrun/tmp/layers.list /home/jagadeesh97/.ciel/ciel/sky130/versions/0fe599b2afb6708d281543108caf8310912f54af/sky130A/libs.ref/sky130_fd_sc_hd/techlef/sky130_fd_sc_hd__nom.tlef"

Sun Sep 21 05:48:41 UTC 2025 - Executing "/openlane/scripts/mergeLef.py -o /openlane/designs/inverter/runs/myrun/tmp/merged.nom.lef -i /home/jagadeesh97/.ciel/ciel/sky130/versions/0fe599b2afb6708d281543108caf8310912f54af/sky130A/libs.ref/sky130_fd_sc_hd/techlef/sky130_fd_sc_hd__nom.tlef {/home/jagadeesh97/.ciel/ciel/sky130/versions/0fe599b2afb6708d281543108caf8310912f54af/sky130A/libs.ref/sky130_fd_sc_hd/lef/sky130_ef_sc_hd.lef /home/jagadeesh97/.ciel/ciel/sky130/versions/0fe599b2afb6708d281543108caf8310912f54af/sky130A/libs.ref/sky130_fd_sc_hd/lef/sky130_fd_sc_hd.lef} |& tee /dev/null"

Sun Sep 21 05:48:41 UTC 2025 - Executing "/openlane/scripts/mergeLef.py -o /openlane/designs/inverter/runs/myrun/tmp/merged.min.lef -i /home/jagadeesh97/.ciel/ciel/sky130/versions/0fe599b2afb6708d281543108caf8310912f54af/sky130A/libs.ref/sky130_fd_sc_hd/techlef/sky130_fd_sc_hd__min.tlef {/home/jagadeesh97/.ciel/ciel/sky130/versions/0fe599b2afb6708d281543108caf8310912f54af/sky130A/libs.ref/sky130_fd_sc_hd/lef/sky130_ef_sc_hd.lef /home/jagadeesh97/.ciel/ciel/sky130/versions/0fe599b2afb6708d281543108caf8310912f54af/sky130A/libs.ref/sky130_fd_sc_hd/lef/sky130_fd_sc_hd.lef} |& tee /dev/null"

Sun Sep 21 05:48:41 UTC 2025 - Executing "/openlane/scripts/mergeLef.py -o /openlane/designs/inverter/runs/myrun/tmp/merged.max.lef -i /home/jagadeesh97/.ciel/ciel/sky130/versions/0fe599b2afb6708d281543108caf8310912f54af/sky130A/libs.ref/sky130_fd_sc_hd/techlef/sky130_fd_sc_hd__max.tlef {/home/jagadeesh97/.ciel/ciel/sky130/versions/0fe599b2afb6708d281543108caf8310912f54af/sky130A/libs.ref/sky130_fd_sc_hd/lef/sky130_ef_sc_hd.lef /home/jagadeesh97/.ciel/ciel/sky130/versions/0fe599b2afb6708d281543108caf8310912f54af/sky130A/libs.ref/sky130_fd_sc_hd/lef/sky130_fd_sc_hd.lef} |& tee /dev/null"

Sun Sep 21 05:48:42 UTC 2025 - Executing "python3 /openlane/scripts/mergeLib.py --output /openlane/designs/inverter/runs/myrun/tmp/synthesis/merged.lib --name sky130A_merged /home/jagadeesh97/.ciel/ciel/sky130/versions/0fe599b2afb6708d281543108caf8310912f54af/sky130A/libs.ref/sky130_fd_sc_hd/lib/sky130_fd_sc_hd__tt_025C_1v80.lib"

Sun Sep 21 05:48:43 UTC 2025 - Executing "python3 /openlane/scripts/libtrim.py --cell-file /openlane/designs/inverter/runs/myrun/tmp/synthesis/trimmed.lib.exclude.list --output /openlane/designs/inverter/runs/myrun/tmp/synthesis/trimmed.lib /openlane/designs/inverter/runs/myrun/tmp/synthesis/merged.lib"

Sun Sep 21 05:48:43 UTC 2025 - Executing "python3 /openlane/scripts/libtrim.py --cell-file /openlane/designs/inverter/runs/myrun/tmp/cts/cts.lib.exclude.list --output /openlane/designs/inverter/runs/myrun/tmp/cts/cts.lib /home/jagadeesh97/.ciel/ciel/sky130/versions/0fe599b2afb6708d281543108caf8310912f54af/sky130A/libs.ref/sky130_fd_sc_hd/lib/sky130_fd_sc_hd__tt_025C_1v80.lib"

Sun Sep 21 05:48:43 UTC 2025 - Executing "python3 /openlane/scripts/libtrim.py --cell-file /openlane/designs/inverter/runs/myrun/tmp/cts/cts-fastest.lib.exclude.list --output /openlane/designs/inverter/runs/myrun/tmp/cts/cts-fastest.lib /home/jagadeesh97/.ciel/ciel/sky130/versions/0fe599b2afb6708d281543108caf8310912f54af/sky130A/libs.ref/sky130_fd_sc_hd/lib/sky130_fd_sc_hd__ff_n40C_1v95.lib"

Sun Sep 21 05:48:43 UTC 2025 - Executing "python3 /openlane/scripts/libtrim.py --cell-file /openlane/designs/inverter/runs/myrun/tmp/cts/cts-slowest.lib.exclude.list --output /openlane/designs/inverter/runs/myrun/tmp/cts/cts-slowest.lib /home/jagadeesh97/.ciel/ciel/sky130/versions/0fe599b2afb6708d281543108caf8310912f54af/sky130A/libs.ref/sky130_fd_sc_hd/lib/sky130_fd_sc_hd__ss_100C_1v60.lib"

Sun Sep 21 05:48:44 UTC 2025 - Executing "python3 /openlane/scripts/new_tracks.py -i /home/jagadeesh97/.ciel/ciel/sky130/versions/0fe599b2afb6708d281543108caf8310912f54af/sky130A/libs.tech/openlane/sky130_fd_sc_hd/tracks.info -o /openlane/designs/inverter/runs/myrun/tmp/routing/config.tracks"

Sun Sep 21 05:48:44 UTC 2025 - Executing "echo {OpenLane ff5509f65b17bfa4068d5336495ab1718987ff69} > /openlane/designs/inverter/runs/myrun/OPENLANE_COMMIT"

Sun Sep 21 05:48:44 UTC 2025 - Executing "bash -c {verilator  --lint-only  -Wall  --Wno-DECLFILENAME  --top-module inverter  /openlane/designs/inverter/src/inverter.v -Wno-fatal --relative-includes |& tee /openlane/designs/inverter/runs/myrun/logs/synthesis/linter.log /dev/null}"

Sun Sep 21 05:48:44 UTC 2025 - Executing "sed -E {s/^([[:space:]]+)pg_pin(.*)/\1pin\2\n\1    direction : "inout";/g} /home/jagadeesh97/.ciel/ciel/sky130/versions/0fe599b2afb6708d281543108caf8310912f54af/sky130A/libs.ref/sky130_fd_sc_hd/lib/sky130_fd_sc_hd__tt_025C_1v80.lib > /openlane/designs/inverter/runs/myrun/tmp/synthesis/1-sky130_fd_sc_hd__tt_025C_1v80.no_pg.lib"

Sun Sep 21 05:48:44 UTC 2025 - Executing "sed -E {s/^([[:space:]]+)pg_pin(.*)/\1pin\2\n\1    direction : "inout";/g} /openlane/designs/inverter/runs/myrun/tmp/synthesis/trimmed.lib > /openlane/designs/inverter/runs/myrun/tmp/synthesis/1-trimmed.no_pg.lib"

Sun Sep 21 05:48:44 UTC 2025 - Executing "yosys -c /openlane/scripts/yosys/synth.tcl |& tee /dev/null /openlane/designs/inverter/runs/myrun/logs/synthesis/1-synthesis.log"

Sun Sep 21 05:48:45 UTC 2025 - Executing "sed -i.bak -e {s/\(set ::env(CURRENT_NETLIST)\).*/\1 \/openlane\/designs\/inverter\/runs\/myrun\/results\/synthesis\/inverter.v/} /openlane/designs/inverter/runs/myrun/config.tcl"

Sun Sep 21 05:48:45 UTC 2025 - Executing "sed -i.bak /defparam/d /openlane/designs/inverter/runs/myrun/results/synthesis/inverter.v"

Sun Sep 21 05:48:45 UTC 2025 - Executing "sta -exit -no_init /openlane/scripts/openroad/sta/multi_corner.tcl |& tee /dev/null /openlane/designs/inverter/runs/myrun/logs/synthesis/2-sta.log"

Sun Sep 21 05:48:46 UTC 2025 - Executing "openroad -exit /openlane/scripts/openroad/floorplan.tcl |& tee /dev/null /openlane/designs/inverter/runs/myrun/logs/floorplan/3-initial_fp.log"

Sun Sep 21 05:48:46 UTC 2025 - Executing "openroad -exit -no_init -python /openlane/scripts/odbpy/defutil.py extract_core_dims --output-data /openlane/designs/inverter/runs/myrun/tmp/dimensions.txt --input-lef /openlane/designs/inverter/runs/myrun/tmp/merged.nom.lef /openlane/designs/inverter/runs/myrun/tmp/floorplan/3-initial_fp.def"

Sun Sep 21 05:48:47 UTC 2025 - Executing "openroad -exit /openlane/scripts/openroad/ioplacer.tcl |& tee /dev/null /openlane/designs/inverter/runs/myrun/logs/floorplan/4-io.log"

Sun Sep 21 05:48:47 UTC 2025 - Executing "openroad -exit /openlane/scripts/openroad/tapcell.tcl |& tee /dev/null /openlane/designs/inverter/runs/myrun/logs/floorplan/5-tap.log"

Sun Sep 21 05:48:48 UTC 2025 - Executing "openroad -exit /openlane/scripts/openroad/pdn.tcl |& tee /dev/null /openlane/designs/inverter/runs/myrun/logs/floorplan/6-pdn.log"

Sun Sep 21 05:48:48 UTC 2025 - Executing "openroad -exit -no_init -python /openlane/scripts/odbpy/random_place.py --input-lef /openlane/designs/inverter/runs/myrun/tmp/merged.nom.lef --output-def /openlane/designs/inverter/runs/myrun/tmp/placement/7-global.def --output /openlane/designs/inverter/runs/myrun/tmp/placement/7-global.odb /openlane/designs/inverter/runs/myrun/results/floorplan/inverter.odb |& tee /dev/null /openlane/designs/inverter/runs/myrun/logs/placement/7-global.log"

Sun Sep 21 05:48:49 UTC 2025 - Executing "openroad -exit /openlane/scripts/openroad/resizer.tcl |& tee /dev/null /openlane/designs/inverter/runs/myrun/logs/placement/8-resizer.log"

Sun Sep 21 05:48:50 UTC 2025 - Executing "sed -i.bak -e {s/\(set ::env(CURRENT_NETLIST)\).*/\1 \/openlane\/designs\/inverter\/runs\/myrun\/tmp\/placement\/8-resizer.nl.v/} /openlane/designs/inverter/runs/myrun/config.tcl"

Sun Sep 21 05:48:50 UTC 2025 - Executing "openroad -exit /openlane/scripts/openroad/dpl.tcl |& tee /dev/null /openlane/designs/inverter/runs/myrun/logs/placement/9-detailed.log"

Sun Sep 21 05:48:51 UTC 2025 - Executing "sed -i.bak -e {s/\(set ::env(CURRENT_NETLIST)\).*/\1 \/openlane\/designs\/inverter\/runs\/myrun\/results\/placement\/inverter.nl.v/} /openlane/designs/inverter/runs/myrun/config.tcl"

Sun Sep 21 05:48:51 UTC 2025 - Executing "openroad -exit /openlane/scripts/openroad/sta/multi_corner.tcl |& tee /dev/null /openlane/designs/inverter/runs/myrun/logs/placement/10-dpl_sta.log"

Sun Sep 21 05:48:51 UTC 2025 - Executing "openroad -exit /openlane/scripts/openroad/cts.tcl |& tee /dev/null /openlane/designs/inverter/runs/myrun/logs/cts/11-cts.log"

Sun Sep 21 05:49:18 UTC 2025 - Executing "openroad -exit /openlane/scripts/openroad/sta/multi_corner.tcl |& tee /dev/null /openlane/designs/inverter/runs/myrun/logs/cts/12-cts_sta.log"

Sun Sep 21 05:49:18 UTC 2025 - Executing "openroad -exit /openlane/scripts/openroad/resizer_timing.tcl |& tee /dev/null /openlane/designs/inverter/runs/myrun/logs/cts/13-resizer.log"

Sun Sep 21 05:49:19 UTC 2025 - Executing "sed -i.bak -e {s/\(set ::env(CURRENT_NETLIST)\).*/\1 \/openlane\/designs\/inverter\/runs\/myrun\/tmp\/cts\/13-inverter.resized.nl.v/} /openlane/designs/inverter/runs/myrun/config.tcl"

Sun Sep 21 05:49:19 UTC 2025 - Executing "openroad -exit /openlane/scripts/openroad/resizer_routing_design.tcl |& tee /dev/null /openlane/designs/inverter/runs/myrun/logs/routing/14-resizer_design.log"

Sun Sep 21 05:49:24 UTC 2025 - Executing "sed -i.bak -e {s/\(set ::env(CURRENT_NETLIST)\).*/\1 \/openlane\/designs\/inverter\/runs\/myrun\/tmp\/14-inverter.nl.v/} /openlane/designs/inverter/runs/myrun/config.tcl"

Sun Sep 21 05:49:24 UTC 2025 - Executing "openroad -exit /openlane/scripts/openroad/sta/multi_corner.tcl |& tee /dev/null /openlane/designs/inverter/runs/myrun/logs/routing/15-rsz_design_sta.log"

Sun Sep 21 05:49:25 UTC 2025 - Executing "openroad -exit /openlane/scripts/openroad/resizer_routing_timing.tcl |& tee /dev/null /openlane/designs/inverter/runs/myrun/logs/routing/16-resizer_timing.log"

Sun Sep 21 05:49:26 UTC 2025 - Executing "sed -i.bak -e {s/\(set ::env(CURRENT_NETLIST)\).*/\1 \/openlane\/designs\/inverter\/runs\/myrun\/tmp\/16-inverter.nl.v/} /openlane/designs/inverter/runs/myrun/config.tcl"

Sun Sep 21 05:49:26 UTC 2025 - Executing "openroad -exit /openlane/scripts/openroad/sta/multi_corner.tcl |& tee /dev/null /openlane/designs/inverter/runs/myrun/logs/routing/17-rsz_timing_sta.log"

Sun Sep 21 05:49:27 UTC 2025 - Executing "openroad -exit /openlane/scripts/openroad/groute.tcl |& tee /dev/null /openlane/designs/inverter/runs/myrun/logs/routing/18-global.log"

Sun Sep 21 05:49:28 UTC 2025 - Executing "openroad -exit /openlane/scripts/openroad/write_views.tcl |& tee /dev/null /openlane/designs/inverter/runs/myrun/logs/routing/18-global_write_netlist.log"

Sun Sep 21 05:49:29 UTC 2025 - Executing "sed -i.bak -e {s/\(set ::env(CURRENT_NETLIST)\).*/\1 \/openlane\/designs\/inverter\/runs\/myrun\/tmp\/routing\/global.nl.v/} /openlane/designs/inverter/runs/myrun/config.tcl"

Sun Sep 21 05:49:30 UTC 2025 - Executing "openroad -exit /openlane/scripts/openroad/sta/multi_corner.tcl |& tee /dev/null /openlane/designs/inverter/runs/myrun/logs/routing/20-grt_sta.log"

Sun Sep 21 05:49:32 UTC 2025 - Executing "openroad -exit /openlane/scripts/openroad/fill.tcl |& tee /dev/null /openlane/designs/inverter/runs/myrun/logs/routing/21-fill.log"

Sun Sep 21 05:49:33 UTC 2025 - Executing "sed -i.bak -e {s/\(set ::env(CURRENT_NETLIST)\).*/\1 \/openlane\/designs\/inverter\/runs\/myrun\/tmp\/routing\/21-fill.nl.v/} /openlane/designs/inverter/runs/myrun/config.tcl"

Sun Sep 21 05:49:33 UTC 2025 - Executing "openroad -exit /openlane/scripts/openroad/droute.tcl |& tee /dev/null /openlane/designs/inverter/runs/myrun/logs/routing/22-detailed.log"

Sun Sep 21 05:49:35 UTC 2025 - Executing "sed -i.bak -e {s/\(set ::env(CURRENT_NETLIST)\).*/\1 \/openlane\/designs\/inverter\/runs\/myrun\/results\/routing\/inverter.nl.v/} /openlane/designs/inverter/runs/myrun/config.tcl"

Sun Sep 21 05:49:35 UTC 2025 - Executing "python3 /openlane/scripts/drc_rosetta.py tr to_klayout -o /openlane/designs/inverter/runs/myrun/reports/routing/drt.klayout.xml --design-name inverter /openlane/designs/inverter/runs/myrun/reports/routing/drt.drc"

Sun Sep 21 05:49:35 UTC 2025 - Executing "openroad -exit -no_init -python /openlane/scripts/odbpy/wire_lengths.py --report-out /openlane/designs/inverter/runs/myrun/reports/routing/23-wire_lengths.csv --input-lef /openlane/designs/inverter/runs/myrun/tmp/merged.nom.lef --output-def /dev/null --output /openlane/designs/inverter/runs/myrun/results/routing/inverter.odb /openlane/designs/inverter/runs/myrun/results/routing/inverter.odb |& tee /dev/null /openlane/designs/inverter/runs/myrun/logs/routing/23-wire_lengths.log"

Sun Sep 21 05:49:36 UTC 2025 - Executing "openroad -exit /openlane/scripts/openroad/rcx.tcl |& tee /dev/null /openlane/designs/inverter/runs/myrun/logs/signoff/24-parasitics_extraction.min.log"

Sun Sep 21 05:49:37 UTC 2025 - Executing "sta -exit -no_init /openlane/scripts/openroad/sta/multi_corner.tcl |& tee /dev/null /openlane/designs/inverter/runs/myrun/logs/signoff/25-rcx_mcsta.min.log"

Sun Sep 21 05:49:38 UTC 2025 - Executing "openroad -exit /openlane/scripts/openroad/rcx.tcl |& tee /dev/null /openlane/designs/inverter/runs/myrun/logs/signoff/26-parasitics_extraction.max.log"

Sun Sep 21 05:49:39 UTC 2025 - Executing "sta -exit -no_init /openlane/scripts/openroad/sta/multi_corner.tcl |& tee /dev/null /openlane/designs/inverter/runs/myrun/logs/signoff/27-rcx_mcsta.max.log"

Sun Sep 21 05:49:40 UTC 2025 - Executing "openroad -exit /openlane/scripts/openroad/rcx.tcl |& tee /dev/null /openlane/designs/inverter/runs/myrun/logs/signoff/28-parasitics_extraction.nom.log"

Sun Sep 21 05:49:41 UTC 2025 - Executing "sta -exit -no_init /openlane/scripts/openroad/sta/multi_corner.tcl |& tee /dev/null /openlane/designs/inverter/runs/myrun/logs/signoff/29-rcx_mcsta.nom.log"

Sun Sep 21 05:49:43 UTC 2025 - Executing "sta -exit -no_init /openlane/scripts/openroad/sta/multi_corner.tcl |& tee /dev/null /openlane/designs/inverter/runs/myrun/logs/signoff/30-rcx_sta.log"

Sun Sep 21 05:49:45 UTC 2025 - Executing "openroad -exit /openlane/scripts/openroad/irdrop.tcl |& tee /dev/null /openlane/designs/inverter/runs/myrun/logs/signoff/31-irdrop.log"

Sun Sep 21 05:49:47 UTC 2025 - Executing "magic -noconsole -dnull -rcfile /home/jagadeesh97/.ciel/ciel/sky130/versions/0fe599b2afb6708d281543108caf8310912f54af/sky130A/libs.tech/magic/sky130A.magicrc < /openlane/scripts/magic/wrapper.tcl |& tee /dev/null /openlane/designs/inverter/runs/myrun/logs/signoff/32-gdsii.log"

Sun Sep 21 05:49:48 UTC 2025 - Executing "magic -noconsole -dnull -rcfile /home/jagadeesh97/.ciel/ciel/sky130/versions/0fe599b2afb6708d281543108caf8310912f54af/sky130A/libs.tech/magic/sky130A.magicrc < /openlane/scripts/magic/wrapper.tcl |& tee /dev/null /openlane/designs/inverter/runs/myrun/logs/signoff/32-gds_ptrs.log"

Sun Sep 21 05:49:49 UTC 2025 - Executing "sed -i.bak -n {/^<< properties >>/,/^<< end >>/p} /openlane/designs/inverter/runs/myrun/tmp/signoff/gds_ptrs.mag"

Sun Sep 21 05:49:49 UTC 2025 - Executing "magic -noconsole -dnull -rcfile /home/jagadeesh97/.ciel/ciel/sky130/versions/0fe599b2afb6708d281543108caf8310912f54af/sky130A/libs.tech/magic/sky130A.magicrc < /openlane/scripts/magic/wrapper.tcl |& tee /dev/null /openlane/designs/inverter/runs/myrun/logs/signoff/32-lef.log"

Sun Sep 21 05:49:50 UTC 2025 - Executing "magic -noconsole -dnull -rcfile /home/jagadeesh97/.ciel/ciel/sky130/versions/0fe599b2afb6708d281543108caf8310912f54af/sky130A/libs.tech/magic/sky130A.magicrc < /openlane/scripts/magic/wrapper.tcl |& tee /dev/null /openlane/designs/inverter/runs/myrun/logs/signoff/32-maglef.log"

Sun Sep 21 05:49:51 UTC 2025 - Executing "python3 /openlane/scripts/klayout/stream_out.py --output /openlane/designs/inverter/runs/myrun/results/signoff/inverter.klayout.gds --lyt /home/jagadeesh97/.ciel/ciel/sky130/versions/0fe599b2afb6708d281543108caf8310912f54af/sky130A/libs.tech/klayout/tech/sky130A.lyt --lym /home/jagadeesh97/.ciel/ciel/sky130/versions/0fe599b2afb6708d281543108caf8310912f54af/sky130A/libs.tech/klayout/tech/sky130A.map --lyp /home/jagadeesh97/.ciel/ciel/sky130/versions/0fe599b2afb6708d281543108caf8310912f54af/sky130A/libs.tech/klayout/tech/sky130A.lyp --top inverter --with-gds-file /home/jagadeesh97/.ciel/ciel/sky130/versions/0fe599b2afb6708d281543108caf8310912f54af/sky130A/libs.ref/sky130_fd_sc_hd/gds/sky130_fd_sc_hd.gds --input-lef /openlane/designs/inverter/runs/myrun/tmp/merged.nom.lef /openlane/designs/inverter/runs/myrun/results/routing/inverter.def |& tee /dev/null /openlane/designs/inverter/runs/myrun/logs/signoff/33-gdsii-klayout.log"

Sun Sep 21 05:49:52 UTC 2025 - Executing "klayout -b -r /openlane/scripts/klayout/xor.drc -rd a=/openlane/designs/inverter/runs/myrun/results/signoff/inverter.gds -rd b=/openlane/designs/inverter/runs/myrun/results/signoff/inverter.klayout.gds -rd jobs=1 -rd rdb_out=/openlane/designs/inverter/runs/myrun/reports/signoff/34-xor.xml -rd ignore=81/14 -rd rpt_out=/openlane/designs/inverter/runs/myrun/reports/signoff/34-xor.rpt |& tee /dev/null /openlane/designs/inverter/runs/myrun/logs/signoff/34-xor.log"

Sun Sep 21 05:49:52 UTC 2025 - Executing "magic -noconsole -dnull -rcfile /home/jagadeesh97/.ciel/ciel/sky130/versions/0fe599b2afb6708d281543108caf8310912f54af/sky130A/libs.tech/magic/sky130A.magicrc < /openlane/scripts/magic/wrapper.tcl |& tee /dev/null /openlane/designs/inverter/runs/myrun/logs/signoff/35-spice.log"

Sun Sep 21 05:49:53 UTC 2025 - Executing "openroad -exit -no_init -python /openlane/scripts/odbpy/power_utils.py write_powered_def --output /openlane/designs/inverter/runs/myrun/tmp/signoff/35-inverter.p.def --input-lef /openlane/designs/inverter/runs/myrun/tmp/merged.nom.lef --power-port VPWR --ground-port VGND --powered-netlist {} /openlane/designs/inverter/runs/myrun/results/routing/inverter.def |& tee /dev/null /openlane/designs/inverter/runs/myrun/logs/signoff/36-write_powered_def.log"

Sun Sep 21 05:49:54 UTC 2025 - Executing "openroad -exit /openlane/scripts/openroad/write_views.tcl |& tee /dev/null /openlane/designs/inverter/runs/myrun/logs/signoff/36-write_powered_verilog.log"

Sun Sep 21 05:49:54 UTC 2025 - Executing "sed -i.bak -e {s/\(set ::env(CURRENT_NETLIST)\).*/\1 \/openlane\/designs\/inverter\/runs\/myrun\/tmp\/signoff\/35-inverter.nl.v/} /openlane/designs/inverter/runs/myrun/config.tcl"

Sun Sep 21 05:49:55 UTC 2025 - Executing "netgen -batch source /openlane/designs/inverter/runs/myrun/tmp/signoff/38-setup_file.lef.lvs |& tee /dev/null /openlane/designs/inverter/runs/myrun/logs/signoff/38-lvs.lef.log"

Sun Sep 21 05:49:56 UTC 2025 - Executing "magic -noconsole -dnull -rcfile /home/jagadeesh97/.ciel/ciel/sky130/versions/0fe599b2afb6708d281543108caf8310912f54af/sky130A/libs.tech/magic/sky130A.magicrc < /openlane/scripts/magic/wrapper.tcl |& tee /dev/null /openlane/designs/inverter/runs/myrun/logs/signoff/39-drc.log"

Sun Sep 21 05:49:57 UTC 2025 - Executing "python3 /openlane/scripts/drc_rosetta.py magic to_tcl -o /openlane/designs/inverter/runs/myrun/reports/signoff/drc.tcl /openlane/designs/inverter/runs/myrun/reports/signoff/drc.rpt"

Sun Sep 21 05:49:58 UTC 2025 - Executing "python3 /openlane/scripts/drc_rosetta.py magic to_tr -o /openlane/designs/inverter/runs/myrun/reports/signoff/drc.tr /openlane/designs/inverter/runs/myrun/reports/signoff/drc.rpt"

Sun Sep 21 05:49:58 UTC 2025 - Executing "python3 /openlane/scripts/drc_rosetta.py tr to_klayout -o /openlane/designs/inverter/runs/myrun/reports/signoff/drc.klayout.xml --design-name inverter /openlane/designs/inverter/runs/myrun/reports/signoff/drc.tr"

Sun Sep 21 05:49:58 UTC 2025 - Executing "python3 /openlane/scripts/drc_rosetta.py magic to_rdb -o /openlane/designs/inverter/runs/myrun/reports/signoff/drc.rdb /openlane/designs/inverter/runs/myrun/reports/signoff/drc.rpt"

Sun Sep 21 05:49:58 UTC 2025 - Executing "openroad -exit /openlane/scripts/openroad/antenna_check.tcl |& tee /dev/null /openlane/designs/inverter/runs/myrun/logs/signoff/40-arc.log"

Sun Sep 21 05:49:58 UTC 2025 - Executing "python3 /openlane/scripts/extract_antenna_violators.py --output /openlane/designs/inverter/runs/myrun/reports/signoff/40-antenna_violators.rpt --plain-out /openlane/designs/inverter/runs/myrun/reports/signoff/40-antenna_violators_pins.txt /openlane/designs/inverter/runs/myrun/logs/signoff/40-arc.log"

Sun Sep 21 05:49:59 UTC 2025 - Executing "awk -v vdd=VPWR -v gnd=VGND -f /home/jagadeesh97/.ciel/ciel/sky130/versions/0fe599b2afb6708d281543108caf8310912f54af/sky130A/libs.tech/openlane/cvc/power.awk /openlane/designs/inverter/runs/myrun/tmp/signoff/35-inverter.nl.v > /openlane/designs/inverter/runs/myrun/tmp/signoff/inverter.power"

Sun Sep 21 05:49:59 UTC 2025 - Executing "awk -f /home/jagadeesh97/.ciel/ciel/sky130/versions/0fe599b2afb6708d281543108caf8310912f54af/sky130A/libs.tech/openlane/cvc/cdl.awk /home/jagadeesh97/.ciel/ciel/sky130/versions/0fe599b2afb6708d281543108caf8310912f54af/sky130A/libs.ref/sky130_fd_sc_hd/cdl/sky130_fd_sc_hd.cdl /openlane/designs/inverter/runs/myrun/results/signoff/inverter.lef.spice > /openlane/designs/inverter/runs/myrun/tmp/signoff/inverter.cdl"

Sun Sep 21 05:49:59 UTC 2025 - Executing "cvc_rv /home/jagadeesh97/.ciel/ciel/sky130/versions/0fe599b2afb6708d281543108caf8310912f54af/sky130A/libs.tech/openlane/cvc/cvcrc |& tee /dev/null /openlane/designs/inverter/runs/myrun/logs/signoff/41-erc_screen.log"

