[INFO]: Saving runtime environment...
[INFO]: Preparing LEF files for the nom corner...
[INFO]: Preparing LEF files for the min corner...
[INFO]: Preparing LEF files for the max corner...
[INFO]: Running linter (Verilator) (log: designs/inverter/runs/myrun/logs/synthesis/linter.log)...
[INFO]: 0 errors found by linter
[INFO]: 0 warnings found by linter
[INFO]: Running Synthesis (log: designs/inverter/runs/myrun/logs/synthesis/1-synthesis.log)...
[INFO]: Running Single-Corner Static Timing Analysis (log: designs/inverter/runs/myrun/logs/synthesis/2-sta.log)...
[INFO]: Running Initial Floorplanning (log: designs/inverter/runs/myrun/logs/floorplan/3-initial_fp.log)...
[INFO]: Floorplanned with width 23.46 and height 35.36.
[INFO]: Running IO Placement...
[INFO]: Running Tap/Decap Insertion (log: designs/inverter/runs/myrun/logs/floorplan/5-tap.log)...
[INFO]: Power planning with power {VPWR} and ground {VGND}...
[INFO]: Generating PDN (log: designs/inverter/runs/myrun/logs/floorplan/6-pdn.log)...
[INFO]: Performing Random Global Placement (log: designs/inverter/runs/myrun/logs/placement/7-global.log)...
[INFO]: Running Placement Resizer Design Optimizations (log: designs/inverter/runs/myrun/logs/placement/8-resizer.log)...
[INFO]: Running Detailed Placement (log: designs/inverter/runs/myrun/logs/placement/9-detailed.log)...
[INFO]: Running Single-Corner Static Timing Analysis (log: designs/inverter/runs/myrun/logs/placement/10-dpl_sta.log)...
[INFO]: Running Clock Tree Synthesis (log: designs/inverter/runs/myrun/logs/cts/11-cts.log)...
[INFO]: Running Single-Corner Static Timing Analysis (log: designs/inverter/runs/myrun/logs/cts/12-cts_sta.log)...
[INFO]: Running Placement Resizer Timing Optimizations (log: designs/inverter/runs/myrun/logs/cts/13-resizer.log)...
[INFO]: Running Global Routing Resizer Design Optimizations (log: designs/inverter/runs/myrun/logs/routing/14-resizer_design.log)...
[INFO]: Running Single-Corner Static Timing Analysis (log: designs/inverter/runs/myrun/logs/routing/15-rsz_design_sta.log)...
[INFO]: Running Global Routing Resizer Timing Optimizations (log: designs/inverter/runs/myrun/logs/routing/16-resizer_timing.log)...
[INFO]: Running Single-Corner Static Timing Analysis (log: designs/inverter/runs/myrun/logs/routing/17-rsz_timing_sta.log)...
[INFO]: Running Global Routing (log: designs/inverter/runs/myrun/logs/routing/18-global.log)...
[INFO]: Starting OpenROAD Antenna Repair Iterations...
[INFO]: Writing Verilog (log: designs/inverter/runs/myrun/logs/routing/18-global_write_netlist.log)...
[INFO]: Running Single-Corner Static Timing Analysis (log: designs/inverter/runs/myrun/logs/routing/20-grt_sta.log)...
[INFO]: Running Fill Insertion (log: designs/inverter/runs/myrun/logs/routing/21-fill.log)...
[INFO]: Running Detailed Routing (log: designs/inverter/runs/myrun/logs/routing/22-detailed.log)...
[INFO]: No DRC violations after detailed routing.
[INFO]: Checking Wire Lengths (log: designs/inverter/runs/myrun/logs/routing/23-wire_lengths.log)...
[INFO]: Running SPEF Extraction at the min process corner (log: designs/inverter/runs/myrun/logs/signoff/24-parasitics_extraction.min.log)...
[INFO]: Running Multi-Corner Static Timing Analysis at the min process corner (log: designs/inverter/runs/myrun/logs/signoff/25-rcx_mcsta.min.log)...
[INFO]: Running SPEF Extraction at the max process corner (log: designs/inverter/runs/myrun/logs/signoff/26-parasitics_extraction.max.log)...
[INFO]: Running Multi-Corner Static Timing Analysis at the max process corner (log: designs/inverter/runs/myrun/logs/signoff/27-rcx_mcsta.max.log)...
[INFO]: Running SPEF Extraction at the nom process corner (log: designs/inverter/runs/myrun/logs/signoff/28-parasitics_extraction.nom.log)...
[INFO]: Running Multi-Corner Static Timing Analysis at the nom process corner (log: designs/inverter/runs/myrun/logs/signoff/29-rcx_mcsta.nom.log)...
[INFO]: Running Single-Corner Static Timing Analysis at the nom process corner (log: designs/inverter/runs/myrun/logs/signoff/30-rcx_sta.log)...
[WARNING]: Module sky130_fd_sc_hd__tapvpwrvgnd_1 blackboxed during sta
[WARNING]: Module sky130_ef_sc_hd__decap_12 blackboxed during sta
[WARNING]: Module sky130_fd_sc_hd__fill_1 blackboxed during sta
[INFO]: Creating IR Drop Report (log: designs/inverter/runs/myrun/logs/signoff/31-irdrop.log)...
[WARNING]: VSRC_LOC_FILES is not defined. The IR drop analysis will run, but the values may be inaccurate.
[INFO]: Running Magic to generate various views...
[INFO]: Streaming out GDSII with Magic (log: designs/inverter/runs/myrun/logs/signoff/32-gdsii.log)...
[INFO]: Generating MAGLEF views...
[INFO]: Generating lef with Magic (/openlane/designs/inverter/runs/myrun/logs/signoff/32-lef.log)...
[INFO]: Streaming out GDSII with KLayout (log: designs/inverter/runs/myrun/logs/signoff/33-gdsii-klayout.log)...
[INFO]: Running XOR on the layouts using KLayout (log: designs/inverter/runs/myrun/logs/signoff/34-xor.log)...
[INFO]: No XOR differences between KLayout and Magic gds.
[INFO]: Running Magic Spice Export from LEF (log: designs/inverter/runs/myrun/logs/signoff/35-spice.log)...
[INFO]: Writing Powered Verilog (logs: designs/inverter/runs/myrun/logs/signoff/36-write_powered_def.log, designs/inverter/runs/myrun/logs/signoff/36-write_powered_verilog.log)...
[INFO]: Writing Verilog (log: designs/inverter/runs/myrun/logs/signoff/36-write_powered_verilog.log)...
[INFO]: Running LVS (log: designs/inverter/runs/myrun/logs/signoff/38-lvs.lef.log)...
[INFO]: Running Magic DRC (log: designs/inverter/runs/myrun/logs/signoff/39-drc.log)...
[INFO]: Converting Magic DRC database to various tool-readable formats...
[INFO]: No DRC violations after GDS streaming out.
[INFO]: Running OpenROAD Antenna Rule Checker (log: designs/inverter/runs/myrun/logs/signoff/40-arc.log)...
[INFO]: Running Circuit Validity Checker ERC (log: designs/inverter/runs/myrun/logs/signoff/41-erc_screen.log)...
[INFO]: Saving current set of views in 'designs/inverter/runs/myrun/results/final'...
[INFO]: Saving runtime environment...
[INFO]: Generating final set of reports...
[INFO]: Created manufacturability report at 'designs/inverter/runs/myrun/reports/manufacturability.rpt'.
[INFO]: Created metrics report at 'designs/inverter/runs/myrun/reports/metrics.csv'.
[INFO]: There are no max slew, max fanout or max capacitance violations in the design at the typical corner.
[INFO]: There are no hold violations in the design at the typical corner.
[INFO]: There are no setup violations in the design at the typical corner.
[SUCCESS]: Flow complete.
[INFO]: Note that the following warnings have been generated:
