
===========================================================================
report_checks -path_delay max (Setup)
============================================================================
======================= Fastest Corner ===================================

Startpoint: in (input port clocked by clk)
Endpoint: out (output port clocked by clk)
Path Group: clk
Path Type: max
Corner: Fastest

Fanout     Cap    Slew   Delay    Time   Description
-----------------------------------------------------------------------------
                  0.00    0.00    0.00   clock clk (rise edge)
                          0.00    0.00   clock network delay (ideal)
                          2.00    2.00 v input external delay
                  0.01    0.00    2.00 v in (in)
     1    0.00                           in (net)
                  0.01    0.00    2.00 v input1/A (sky130_fd_sc_hd__clkbuf_2)
                  0.06    0.10    2.10 v input1/X (sky130_fd_sc_hd__clkbuf_2)
     1    0.02                           net1 (net)
                  0.06    0.00    2.10 v _0_/A (sky130_fd_sc_hd__inv_2)
                  0.09    0.10    2.20 ^ _0_/Y (sky130_fd_sc_hd__inv_2)
     1    0.02                           net2 (net)
                  0.09    0.00    2.20 ^ output2/A (sky130_fd_sc_hd__clkbuf_4)
                  0.09    0.15    2.35 ^ output2/X (sky130_fd_sc_hd__clkbuf_4)
     1    0.03                           out (net)
                  0.09    0.00    2.35 ^ out (out)
                                  2.35   data arrival time

                  0.00   10.00   10.00   clock clk (rise edge)
                          0.00   10.00   clock network delay (ideal)
                         -0.25    9.75   clock uncertainty
                          0.00    9.75   clock reconvergence pessimism
                         -2.00    7.75   output external delay
                                  7.75   data required time
-----------------------------------------------------------------------------
                                  7.75   data required time
                                 -2.35   data arrival time
-----------------------------------------------------------------------------
                                  5.40   slack (MET)



======================= Slowest Corner ===================================

Startpoint: in (input port clocked by clk)
Endpoint: out (output port clocked by clk)
Path Group: clk
Path Type: max
Corner: Slowest

Fanout     Cap    Slew   Delay    Time   Description
-----------------------------------------------------------------------------
                  0.00    0.00    0.00   clock clk (rise edge)
                          0.00    0.00   clock network delay (ideal)
                          2.00    2.00 v input external delay
                  0.02    0.01    2.01 v in (in)
     1    0.00                           in (net)
                  0.02    0.00    2.01 v input1/A (sky130_fd_sc_hd__clkbuf_2)
                  0.16    0.27    2.28 v input1/X (sky130_fd_sc_hd__clkbuf_2)
     1    0.02                           net1 (net)
                  0.16    0.00    2.28 v _0_/A (sky130_fd_sc_hd__inv_2)
                  0.19    0.23    2.51 ^ _0_/Y (sky130_fd_sc_hd__inv_2)
     1    0.02                           net2 (net)
                  0.19    0.00    2.51 ^ output2/A (sky130_fd_sc_hd__clkbuf_4)
                  0.18    0.40    2.92 ^ output2/X (sky130_fd_sc_hd__clkbuf_4)
     1    0.03                           out (net)
                  0.18    0.00    2.92 ^ out (out)
                                  2.92   data arrival time

                  0.00   10.00   10.00   clock clk (rise edge)
                          0.00   10.00   clock network delay (ideal)
                         -0.25    9.75   clock uncertainty
                          0.00    9.75   clock reconvergence pessimism
                         -2.00    7.75   output external delay
                                  7.75   data required time
-----------------------------------------------------------------------------
                                  7.75   data required time
                                 -2.92   data arrival time
-----------------------------------------------------------------------------
                                  4.83   slack (MET)



======================= Typical Corner ===================================

Startpoint: in (input port clocked by clk)
Endpoint: out (output port clocked by clk)
Path Group: clk
Path Type: max
Corner: Typical

Fanout     Cap    Slew   Delay    Time   Description
-----------------------------------------------------------------------------
                  0.00    0.00    0.00   clock clk (rise edge)
                          0.00    0.00   clock network delay (ideal)
                          2.00    2.00 v input external delay
                  0.01    0.01    2.01 v in (in)
     1    0.00                           in (net)
                  0.01    0.00    2.01 v input1/A (sky130_fd_sc_hd__clkbuf_2)
                  0.09    0.15    2.15 v input1/X (sky130_fd_sc_hd__clkbuf_2)
     1    0.02                           net1 (net)
                  0.09    0.00    2.16 v _0_/A (sky130_fd_sc_hd__inv_2)
                  0.12    0.13    2.29 ^ _0_/Y (sky130_fd_sc_hd__inv_2)
     1    0.02                           net2 (net)
                  0.12    0.00    2.29 ^ output2/A (sky130_fd_sc_hd__clkbuf_4)
                  0.11    0.22    2.51 ^ output2/X (sky130_fd_sc_hd__clkbuf_4)
     1    0.03                           out (net)
                  0.11    0.00    2.52 ^ out (out)
                                  2.52   data arrival time

                  0.00   10.00   10.00   clock clk (rise edge)
                          0.00   10.00   clock network delay (ideal)
                         -0.25    9.75   clock uncertainty
                          0.00    9.75   clock reconvergence pessimism
                         -2.00    7.75   output external delay
                                  7.75   data required time
-----------------------------------------------------------------------------
                                  7.75   data required time
                                 -2.52   data arrival time
-----------------------------------------------------------------------------
                                  5.23   slack (MET)



